Log file open, 11/17/17 16:49:26
LogWindows: Failed to load 'aqProf.dll' (GetLastError=126)
LogWindows: File 'aqProf.dll' does not exist
LogWindows: Failed to load 'VtuneApi.dll' (GetLastError=126)
LogWindows: File 'VtuneApi.dll' does not exist
LogWindows: Failed to load 'VtuneApi32e.dll' (GetLastError=126)
LogWindows: File 'VtuneApi32e.dll' does not exist
LogInit: Display: Running engine for game: Experimenting
LogPlatformFile: Not using cached read wrapper
LogInit: Display: RandInit(1881966462) SRandInit(1881966462).
LogInit: Read version file with build ID '3709383'
LogInit: Overriding engine version to CL 3754814, compatible CL 3709383
LogInit: Registered custom module enumerator with build ID '3709383'
LogTaskGraph: Started task graph with 5 named threads and 14 total threads with 3 sets of task threads.
LogStats: Stats thread started at 0.175423
LogD3D11RHI: Aftermath initialized
LogModuleManager: Display: Found up-to-date module file ../../../Engine/Plugins/2D/Paper2D/Binaries/Win64/UE4Editor-Paper2D.dll (API version 3709383).
LogModuleManager: Display: Found up-to-date module file ../../../Engine/Plugins/2D/Paper2D/Binaries/Win64/UE4Editor-Paper2DEditor.dll (API version 3709383).
LogModuleManager: Display: Found up-to-date module file ../../../Engine/Plugins/2D/Paper2D/Binaries/Win64/UE4Editor-PaperSpriteSheetImporter.dll (API version 3709383).
LogModuleManager: Display: Found up-to-date module file ../../../Engine/Plugins/2D/Paper2D/Binaries/Win64/UE4Editor-PaperTiledImporter.dll (API version 3709383).
LogModuleManager: Display: Found up-to-date module file ../../../Engine/Plugins/2D/Paper2D/Binaries/Win64/UE4Editor-SmartSnapping.dll (API version 3709383).
LogModuleManager: Display: Found up-to-date module file ../../../Engine/Plugins/Blendables/LightPropagationVolume/Binaries/Win64/UE4Editor-LightPropagationVolumeRuntime.dll (API version 3709383).
LogModuleManager: Display: Found up-to-date module file ../../../Engine/Plugins/Blendables/LightPropagationVolume/Binaries/Win64/UE4Editor-LightPropagationVolumeEditor.dll (API version 3709383).
LogModuleManager: Display: Found up-to-date module file ../../../Engine/Plugins/Developer/GitSourceControl/Binaries/Win64/UE4Editor-GitSourceControl.dll (API version 3709383).
LogModuleManager: Display: Found up-to-date module file ../../../Engine/Plugins/Developer/PerforceSourceControl/Binaries/Win64/UE4Editor-PerforceSourceControl.dll (API version 3709383).
LogModuleManager: Display: Found up-to-date module file ../../../Engine/Plugins/Developer/SubversionSourceControl/Binaries/Win64/UE4Editor-SubversionSourceControl.dll (API version 3709383).
LogModuleManager: Display: Found up-to-date module file ../../../Engine/Plugins/Developer/UObjectPlugin/Binaries/Win64/UE4Editor-UObjectPlugin.dll (API version 3709383).
LogModuleManager: Display: Found up-to-date module file ../../../Engine/Plugins/Developer/VisualStudioCodeSourceCodeAccess/Binaries/Win64/UE4Editor-VisualStudioCodeSourceCodeAccess.dll (API version 3709383).
LogModuleManager: Display: Found up-to-date module file ../../../Engine/Plugins/Developer/VisualStudioSourceCodeAccess/Binaries/Win64/UE4Editor-VisualStudioSourceCodeAccess.dll (API version 3709383).
LogModuleManager: Display: Found up-to-date module file ../../../Engine/Plugins/Editor/AssetManagerEditor/Binaries/Win64/UE4Editor-AssetManagerEditor.dll (API version 3709383).
LogModuleManager: Display: Found up-to-date module file ../../../Engine/Plugins/Editor/AudioCapture/Binaries/Win64/UE4Editor-AudioCapture.dll (API version 3709383).
LogModuleManager: Display: Found up-to-date module file ../../../Engine/Plugins/Editor/FacialAnimation/Binaries/Win64/UE4Editor-FacialAnimation.dll (API version 3709383).
LogModuleManager: Display: Found up-to-date module file ../../../Engine/Plugins/Editor/FacialAnimation/Binaries/Win64/UE4Editor-FacialAnimationEditor.dll (API version 3709383).
LogModuleManager: Display: Found up-to-date module file ../../../Engine/Plugins/Editor/GameplayTagsEditor/Binaries/Win64/UE4Editor-GameplayTagsEditor.dll (API version 3709383).
LogModuleManager: Display: Found up-to-date module file ../../../Engine/Plugins/Editor/MobileLauncherProfileWizard/Binaries/Win64/UE4Editor-MobileLauncherProfileWizard.dll (API version 3709383).
LogModuleManager: Display: Found up-to-date module file ../../../Engine/Plugins/Editor/PluginBrowser/Binaries/Win64/UE4Editor-PluginBrowser.dll (API version 3709383).
LogModuleManager: Display: Found up-to-date module file ../../../Engine/Plugins/Editor/SpeedTreeImporter/Binaries/Win64/UE4Editor-SpeedTreeImporter.dll (API version 3709383).
LogModuleManager: Display: Found up-to-date module file ../../../Engine/Plugins/Experimental/AlembicImporter/Binaries/Win64/UE4Editor-AlembicImporter.dll (API version 3709383).
LogModuleManager: Display: Found up-to-date module file ../../../Engine/Plugins/Experimental/AlembicImporter/Binaries/Win64/UE4Editor-AlembicLibrary.dll (API version 3709383).
LogModuleManager: Display: Found up-to-date module file ../../../Engine/Plugins/Experimental/CharacterAI/Binaries/Win64/UE4Editor-CharacterAI.dll (API version 3709383).
LogModuleManager: Display: Found up-to-date module file ../../../Engine/Plugins/Experimental/HTML5Networking/Binaries/Win64/UE4Editor-HTML5Networking.dll (API version 3709383).
LogModuleManager: Display: Found up-to-date module file ../../../Engine/Plugins/Media/AndroidMedia/Binaries/Win64/UE4Editor-AndroidMediaEditor.dll (API version 3709383).
LogModuleManager: Display: Found up-to-date module file ../../../Engine/Plugins/Media/AndroidMedia/Binaries/Win64/UE4Editor-AndroidMediaFactory.dll (API version 3709383).
LogModuleManager: Display: Found up-to-date module file ../../../Engine/Plugins/Media/AvfMedia/Binaries/Win64/UE4Editor-AvfMediaEditor.dll (API version 3709383).
LogModuleManager: Display: Found up-to-date module file ../../../Engine/Plugins/Media/AvfMedia/Binaries/Win64/UE4Editor-AvfMediaFactory.dll (API version 3709383).
LogModuleManager: Display: Found up-to-date module file ../../../Engine/Plugins/Media/AvfMedia/Binaries/Win64/UE4Editor-AvfMediaFactory.dll (API version 3709383).
LogModuleManager: Display: Found up-to-date module file ../../../Engine/Plugins/Media/ImgMedia/Binaries/Win64/UE4Editor-ImgMedia.dll (API version 3709383).
LogModuleManager: Display: Found up-to-date module file ../../../Engine/Plugins/Media/ImgMedia/Binaries/Win64/UE4Editor-ImgMediaEditor.dll (API version 3709383).
LogModuleManager: Display: Found up-to-date module file ../../../Engine/Plugins/Media/ImgMedia/Binaries/Win64/UE4Editor-ImgMediaFactory.dll (API version 3709383).
LogModuleManager: Display: Found up-to-date module file ../../../Engine/Plugins/Media/ImgMedia/Binaries/Win64/UE4Editor-ImgMediaFactory.dll (API version 3709383).
LogModuleManager: Display: Found up-to-date module file ../../../Engine/Plugins/Media/ImgMedia/Binaries/Win64/UE4Editor-OpenExrWrapper.dll (API version 3709383).
LogModuleManager: Display: Found up-to-date module file ../../../Engine/Plugins/Media/MediaCompositing/Binaries/Win64/UE4Editor-MediaCompositing.dll (API version 3709383).
LogModuleManager: Display: Found up-to-date module file ../../../Engine/Plugins/Media/MediaCompositing/Binaries/Win64/UE4Editor-MediaCompositingEditor.dll (API version 3709383).
LogModuleManager: Display: Found up-to-date module file ../../../Engine/Plugins/Media/MediaPlayerEditor/Binaries/Win64/UE4Editor-MediaPlayerEditor.dll (API version 3709383).
LogModuleManager: Display: Found up-to-date module file ../../../Engine/Plugins/Media/WmfMedia/Binaries/Win64/UE4Editor-WmfMedia.dll (API version 3709383).
LogModuleManager: Display: Found up-to-date module file ../../../Engine/Plugins/Media/WmfMedia/Binaries/Win64/UE4Editor-WmfMediaEditor.dll (API version 3709383).
LogModuleManager: Display: Found up-to-date module file ../../../Engine/Plugins/Media/WmfMedia/Binaries/Win64/UE4Editor-WmfMediaFactory.dll (API version 3709383).
LogModuleManager: Display: Found up-to-date module file ../../../Engine/Plugins/Media/WmfMedia/Binaries/Win64/UE4Editor-WmfMediaFactory.dll (API version 3709383).
LogModuleManager: Display: Found up-to-date module file ../../../Engine/Plugins/Messaging/TcpMessaging/Binaries/Win64/UE4Editor-TcpMessaging.dll (API version 3709383).
LogModuleManager: Display: Found up-to-date module file ../../../Engine/Plugins/Messaging/UdpMessaging/Binaries/Win64/UE4Editor-UdpMessaging.dll (API version 3709383).
LogModuleManager: Display: Found up-to-date module file ../../../Engine/Plugins/MovieScene/ActorSequence/Binaries/Win64/UE4Editor-ActorSequence.dll (API version 3709383).
LogModuleManager: Display: Found up-to-date module file ../../../Engine/Plugins/MovieScene/LevelSequenceEditor/Binaries/Win64/UE4Editor-LevelSequenceEditor.dll (API version 3709383).
LogModuleManager: Display: Found up-to-date module file ../../../Engine/Plugins/MovieScene/MatineeToLevelSequence/Binaries/Win64/UE4Editor-MatineeToLevelSequence.dll (API version 3709383).
LogModuleManager: Display: Found up-to-date module file ../../../Engine/Plugins/Online/OnlineSubsystem/Binaries/Win64/UE4Editor-OnlineSubsystem.dll (API version 3709383).
LogModuleManager: Display: Found up-to-date module file ../../../Engine/Plugins/Runtime/AndroidPermission/Binaries/Win64/UE4Editor-AndroidPermission.dll (API version 3709383).
LogModuleManager: Display: Found up-to-date module file ../../../Engine/Plugins/Online/OnlineSubsystemNull/Binaries/Win64/UE4Editor-OnlineSubsystemNull.dll (API version 3709383).
LogModuleManager: Display: Found up-to-date module file ../../../Engine/Plugins/Online/OnlineSubsystemUtils/Binaries/Win64/UE4Editor-OnlineSubsystemUtils.dll (API version 3709383).
LogModuleManager: Display: Found up-to-date module file ../../../Engine/Plugins/Online/OnlineSubsystemUtils/Binaries/Win64/UE4Editor-OnlineBlueprintSupport.dll (API version 3709383).
LogModuleManager: Display: Found up-to-date module file ../../../Engine/Plugins/Runtime/AndroidDeviceProfileSelector/Binaries/Win64/UE4Editor-AndroidDeviceProfileSelector.dll (API version 3709383).
LogModuleManager: Display: Found up-to-date module file ../../../Engine/Plugins/Runtime/AppleARKit/Binaries/Win64/UE4Editor-AppleARKit.dll (API version 3709383).
LogModuleManager: Display: Found up-to-date module file ../../../Engine/Plugins/Runtime/ArchVisCharacter/Binaries/Win64/UE4Editor-ArchVisCharacter.dll (API version 3709383).
LogModuleManager: Display: Found up-to-date module file ../../../Engine/Plugins/Runtime/CableComponent/Binaries/Win64/UE4Editor-CableComponent.dll (API version 3709383).
LogModuleManager: Display: Found up-to-date module file ../../../Engine/Plugins/Runtime/CustomMeshComponent/Binaries/Win64/UE4Editor-CustomMeshComponent.dll (API version 3709383).
LogModuleManager: Display: Found up-to-date module file ../../../Engine/Plugins/Runtime/ExampleDeviceProfileSelector/Binaries/Win64/UE4Editor-ExampleDeviceProfileSelector.dll (API version 3709383).
LogModuleManager: Display: Found up-to-date module file ../../../Engine/Plugins/Runtime/ImmediatePhysics/Binaries/Win64/UE4Editor-ImmediatePhysics.dll (API version 3709383).
LogModuleManager: Display: Found up-to-date module file ../../../Engine/Plugins/Runtime/ImmediatePhysics/Binaries/Win64/UE4Editor-ImmediatePhysicsEditor.dll (API version 3709383).
LogModuleManager: Display: Found up-to-date module file ../../../Engine/Plugins/Runtime/LocationServicesBPLibrary/Binaries/Win64/UE4Editor-LocationServicesBPLibrary.dll (API version 3709383).
LogModuleManager: Display: Found up-to-date module file ../../../Engine/Plugins/Runtime/MobilePatchingUtils/Binaries/Win64/UE4Editor-MobilePatchingUtils.dll (API version 3709383).
LogModuleManager: Display: Found up-to-date module file ../../../Engine/Plugins/Runtime/Oculus/OculusVR/Binaries/Win64/UE4Editor-OculusHMD.dll (API version 3709383).
LogModuleManager: Display: Found up-to-date module file ../../../Engine/Plugins/Runtime/Oculus/OculusVR/Binaries/Win64/UE4Editor-OculusInput.dll (API version 3709383).
LogModuleManager: Display: Found up-to-date module file ../../../Engine/Plugins/Runtime/Oculus/OculusVR/Binaries/Win64/UE4Editor-OculusEditor.dll (API version 3709383).
LogModuleManager: Display: Found up-to-date module file ../../../Engine/Plugins/Runtime/PhysXVehicles/Binaries/Win64/UE4Editor-PhysXVehicles.dll (API version 3709383).
LogModuleManager: Display: Found up-to-date module file ../../../Engine/Plugins/Runtime/PhysXVehicles/Binaries/Win64/UE4Editor-PhysXVehiclesEditor.dll (API version 3709383).
LogModuleManager: Display: Found up-to-date module file ../../../Engine/Plugins/Runtime/ProceduralMeshComponent/Binaries/Win64/UE4Editor-ProceduralMeshComponent.dll (API version 3709383).
LogModuleManager: Display: Found up-to-date module file ../../../Engine/Plugins/Runtime/ProceduralMeshComponent/Binaries/Win64/UE4Editor-ProceduralMeshComponentEditor.dll (API version 3709383).
LogModuleManager: Display: Found up-to-date module file ../../../Engine/Plugins/Runtime/RuntimePhysXCooking/Binaries/Win64/UE4Editor-RuntimePhysXCooking.dll (API version 3709383).
LogModuleManager: Display: Found up-to-date module file ../../../Engine/Plugins/Runtime/Steam/SteamVR/Binaries/Win64/UE4Editor-SteamVR.dll (API version 3709383).
LogModuleManager: Display: Found up-to-date module file ../../../Engine/Plugins/Runtime/Steam/SteamVR/Binaries/Win64/UE4Editor-SteamVRController.dll (API version 3709383).
LogModuleManager: Display: Found up-to-date module file ../../../Engine/Plugins/Runtime/WindowsMoviePlayer/Binaries/Win64/UE4Editor-WindowsMoviePlayer.dll (API version 3709383).
LogPluginManager: Mounting plugin Paper2D
LogPluginManager: Mounting plugin LightPropagationVolume
LogPluginManager: Mounting plugin CodeLiteSourceCodeAccess
LogPluginManager: Mounting plugin GitSourceControl
LogPluginManager: Mounting plugin KDevelopSourceCodeAccess
LogPluginManager: Mounting plugin NullSourceCodeAccess
LogPluginManager: Mounting plugin PerforceSourceControl
LogPluginManager: Mounting plugin SubversionSourceControl
LogPluginManager: Mounting plugin UObjectPlugin
LogPluginManager: Mounting plugin VisualStudioCodeSourceCodeAccess
LogPluginManager: Mounting plugin VisualStudioSourceCodeAccess
LogPluginManager: Mounting plugin XCodeSourceCodeAccess
LogPluginManager: Mounting plugin AssetManagerEditor
LogPluginManager: Mounting plugin AudioCapture
LogPluginManager: Mounting plugin FacialAnimation
LogPluginManager: Mounting plugin GameplayTagsEditor
LogPluginManager: Mounting plugin MobileLauncherProfileWizard
LogPluginManager: Mounting plugin PluginBrowser
LogPluginManager: Mounting plugin SpeedTreeImporter
LogPluginManager: Mounting plugin AlembicImporter
LogPluginManager: Mounting plugin CharacterAI
LogPluginManager: Mounting plugin HTML5Networking
LogPluginManager: Mounting plugin AndroidMedia
LogPluginManager: Mounting plugin AvfMedia
LogPluginManager: Mounting plugin ImgMedia
LogPluginManager: Mounting plugin MediaCompositing
LogPluginManager: Mounting plugin MediaPlayerEditor
LogPluginManager: Mounting plugin WmfMedia
LogPluginManager: Mounting plugin TcpMessaging
LogPluginManager: Mounting plugin UdpMessaging
LogPluginManager: Mounting plugin ActorSequence
LogPluginManager: Mounting plugin LevelSequenceEditor
LogPluginManager: Mounting plugin MatineeToLevelSequence
LogPluginManager: Mounting plugin OnlineSubsystemGooglePlay
LogPluginManager: Mounting plugin OnlineSubsystemIOS
LogPluginManager: Mounting plugin OnlineSubsystem
LogPluginManager: Mounting plugin OnlineSubsystemNull
LogPluginManager: Mounting plugin OnlineSubsystemUtils
LogPluginManager: Mounting plugin AndroidDeviceProfileSelector
LogPluginManager: Mounting plugin AndroidMoviePlayer
LogPluginManager: Mounting plugin AndroidPermission
LogPluginManager: Mounting plugin AppleARKit
LogPluginManager: Mounting plugin AppleMoviePlayer
LogPluginManager: Mounting plugin ArchVisCharacter
LogPluginManager: Mounting plugin CableComponent
LogPluginManager: Mounting plugin CustomMeshComponent
LogPluginManager: Mounting plugin ExampleDeviceProfileSelector
LogPluginManager: Mounting plugin GoogleCloudMessaging
LogPluginManager: Mounting plugin ImmediatePhysics
LogPluginManager: Mounting plugin IOSDeviceProfileSelector
LogPluginManager: Mounting plugin LinuxDeviceProfileSelector
LogPluginManager: Mounting plugin LocationServicesBPLibrary
LogPluginManager: Mounting plugin MobilePatchingUtils
LogPluginManager: Mounting plugin OculusVR
LogPluginManager: Plugin shader directory ../../../Engine/Plugins/Runtime/Oculus/OculusVR/Shaders found
LogPluginManager: Mapping shader source directory ../../../Engine/Plugins/Runtime/Oculus/OculusVR/Shaders to virtual directory /Plugin/OculusVR
LogPluginManager: Mounting plugin PhysXVehicles
LogPluginManager: Mounting plugin ProceduralMeshComponent
LogPluginManager: Mounting plugin RuntimePhysXCooking
LogPluginManager: Mounting plugin SteamVR
LogPluginManager: Mounting plugin WindowsMoviePlayer
LogInit: Using libcurl 7.47.1
LogInit:  - built for x86_64-pc-win32
LogInit:  - supports SSL with OpenSSL/1.0.2g
LogInit:  - supports HTTP deflate (compression) using libz 1.2.8
LogInit:  - other features:
LogInit:      CURL_VERSION_SSL
LogInit:      CURL_VERSION_LIBZ
LogInit:      CURL_VERSION_IPV6
LogInit:      CURL_VERSION_ASYNCHDNS
LogInit:      CURL_VERSION_LARGEFILE
LogInit:      CURL_VERSION_IDN
LogInit:  CurlRequestOptions (configurable via config and command line):
LogInit:  - bVerifyPeer = false  - Libcurl will NOT verify peer certificate
LogInit:  - bUseHttpProxy = false  - Libcurl will NOT use HTTP proxy
LogInit:  - bDontReuseConnections = false  - Libcurl will reuse connections
LogInit:  - CertBundlePath = nullptr  - Libcurl will use whatever was configured at build time.
LogInit: Build: ++UE4+Release-4.18-CL-3754814
LogInit: Engine Version: 4.18.1-3754814+++UE4+Release-4.18
LogInit: Compatible Engine Version: 4.18.0-3709383+++UE4+Release-4.18
LogInit: Net CL: 3709383
LogDevObjectVersion: Number of dev versions registered: 16
LogDevObjectVersion:   Dev-Blueprints (B0D832E4-1F89-4F0D-ACCF-7EB736FD4AA2): 10
LogDevObjectVersion:   Dev-Build (E1C64328-A22C-4D53-A36C-8E866417BD8C): 0
LogDevObjectVersion:   Dev-Core (375EC13C-06E4-48FB-B500-84F0262A717E): 2
LogDevObjectVersion:   Dev-Editor (E4B068ED-F494-42E9-A231-DA0B2E46BB41): 20
LogDevObjectVersion:   Dev-Framework (CFFC743F-43B0-4480-9391-14DF171D2073): 30
LogDevObjectVersion:   Dev-Mobile (B02B49B5-BB20-44E9-A304-32B752E40360): 0
LogDevObjectVersion:   Dev-Networking (A4E4105C-59A1-49B5-A7C5-40C4547EDFEE): 0
LogDevObjectVersion:   Dev-Online (39C831C9-5AE6-47DC-9A44-9C173E1C8E7C): 0
LogDevObjectVersion:   Dev-Physics (78F01B33-EBEA-4F98-B9B4-84EACCB95AA2): 0
LogDevObjectVersion:   Dev-Platform (6631380F-2D4D-43E0-8009-CF276956A95A): 0
LogDevObjectVersion:   Dev-Rendering (12F88B9F-8875-4AFC-A67C-D90C383ABD29): 20
LogDevObjectVersion:   Dev-Sequencer (7B5AE74C-D270-4C10-A958-57980B212A5A): 4
LogDevObjectVersion:   Dev-VR (D7296918-1DD6-4BDD-9DE2-64A83CC13884): 0
LogDevObjectVersion:   Dev-LoadTimes (C2A15278-BFE7-4AFE-6C17-90FF531DF755): 1
LogDevObjectVersion:   Private-Geometry (6EACA3D4-40EC-4CC1-B786-8BED09428FC5): 1
LogDevObjectVersion:   Dev-AnimPhys (29E575DD-E0A3-4627-9D10-D276232CDCEA): 12
LogInit: Compiled (64-bit): Nov 14 2017 02:05:55
LogInit: Compiled with Visual C++: 19.00.24215.01
LogInit: Build Configuration: Development
LogInit: Branch Name: ++UE4+Release-4.18
LogInit: Command line: -EpicPortal 
LogInit: Base directory: C:/Program Files/Epic Games/UE_4.18/Engine/Binaries/Win64/
LogInit: Installed Engine Build: 1
LogInit: Presizing for max 8388607 objects, including 0 objects not considered by GC, pre-allocating 0 bytes for permanent pool.
LogInit: Object subsystem initialized
[2017.11.18-00.49.27:997][  0]LogInit: Selected Device Profile: [Windows]
[2017.11.18-00.49.27:997][  0]LogInit: Applying CVar settings loaded from the selected device profile: [Windows]
[2017.11.18-00.49.28:013][  0]LogInit: Computer: SEA-5297F4
[2017.11.18-00.49.28:013][  0]LogInit: User: s179141
[2017.11.18-00.49.28:013][  0]LogInit: CPU Page size=4096, Cores=4
[2017.11.18-00.49.28:013][  0]LogInit: High frequency timer resolution =3.515595 MHz
[2017.11.18-00.49.28:013][  0]LogMemory: Memory total: Physical=31.9GB (32GB approx)
[2017.11.18-00.49.28:013][  0]LogMemory: Platform Memory Stats for Windows
[2017.11.18-00.49.28:014][  0]LogMemory: Process Physical Memory: 276.73 MB used, 276.73 MB peak
[2017.11.18-00.49.28:014][  0]LogMemory: Process Virtual Memory: 275.84 MB used, 275.84 MB peak
[2017.11.18-00.49.28:014][  0]LogMemory: Physical Memory: 7606.26 MB used,  25078.74 MB free, 32685.00 MB total
[2017.11.18-00.49.28:014][  0]LogMemory: Virtual Memory: 630.78 MB used,  25078.74 MB free, 8388608.00 MB total
[2017.11.18-00.49.28:271][  0]LogInit: Using OS detected language (en-US).
[2017.11.18-00.49.28:271][  0]LogInit: Using OS detected locale (en-US).
[2017.11.18-00.49.28:276][  0]LogTextLocalizationManager: No specific localization for 'en-US' exists, so the 'en' localization will be used.
[2017.11.18-00.49.28:736][  0]LogWindows: Failed to load 'shcore.dll' (GetLastError=126)
[2017.11.18-00.49.28:736][  0]LogWindows: File 'shcore.dll' does not exist
[2017.11.18-00.49.28:736][  0]LogInit: Setting process to DPI aware
[2017.11.18-00.49.28:739][  0]LogWindows: Failed to load 'shcore.dll' (GetLastError=126)
[2017.11.18-00.49.28:739][  0]LogWindows: File 'shcore.dll' does not exist
[2017.11.18-00.49.28:740][  0]LogInit: Setting process to DPI aware
[2017.11.18-00.49.29:202][  0]LogD3D11RHI: D3D11 adapters:
[2017.11.18-00.49.29:223][  0]LogD3D11RHI:    0. 'NVIDIA GeForce GTX 770' (Feature Level 11_0)
[2017.11.18-00.49.29:223][  0]LogD3D11RHI:       1989/0/16086 MB DedicatedVideo/DedicatedSystem/SharedSystem, Outputs:2, VendorId:0x10de
[2017.11.18-00.49.29:223][  0]LogD3D11RHI: Chosen D3D11 Adapter: 0
[2017.11.18-00.49.29:227][  0]LogD3D11RHI: Creating new Direct3DDevice
[2017.11.18-00.49.29:227][  0]LogD3D11RHI:     GPU DeviceId: 0x1184 (for the marketing name, search the web for "GPU Device Id")
[2017.11.18-00.49.29:227][  0]LogWindows: EnumDisplayDevices:
[2017.11.18-00.49.29:228][  0]LogWindows:    0. 'NVIDIA GeForce GTX 770' (P:1 D:1)
[2017.11.18-00.49.29:228][  0]LogWindows:    1. 'NVIDIA GeForce GTX 770' (P:0 D:1)
[2017.11.18-00.49.29:228][  0]LogWindows:    2. 'NVIDIA GeForce GTX 770' (P:0 D:0)
[2017.11.18-00.49.29:228][  0]LogWindows:    3. 'NVIDIA GeForce GTX 770' (P:0 D:0)
[2017.11.18-00.49.29:228][  0]LogWindows:    4. 'RDPDD Chained DD' (P:0 D:0)
[2017.11.18-00.49.29:228][  0]LogWindows:    5. 'RDP Encoder Mirror Driver' (P:0 D:0)
[2017.11.18-00.49.29:229][  0]LogWindows:    6. 'RDP Reflector Display Driver' (P:0 D:0)
[2017.11.18-00.49.29:229][  0]LogWindows: DebugString: GetVideoDriverDetailsInvalid PrimaryIsNotTheChoosenAdapter GetVideoDriverDetailsInvalid PrimaryIsNotTheChoosenAdapter GetVideoDriverDetailsInvalid PrimaryIsNotTheChoosenAdapter FoundDriverCount:4 
[2017.11.18-00.49.29:229][  0]LogD3D11RHI:     Adapter Name: NVIDIA GeForce GTX 770
[2017.11.18-00.49.29:229][  0]LogD3D11RHI:   Driver Version: 384.94 (internal:22.21.13.8494, unified:384.94)
[2017.11.18-00.49.29:229][  0]LogD3D11RHI:      Driver Date: 7-18-2017
[2017.11.18-00.49.29:229][  0]LogRHI: Texture pool is 1392 MB (70% of 1989 MB)
[2017.11.18-00.49.29:241][  0]LogD3D11RHI: Async texture creation enabled
[2017.11.18-00.49.29:257][  0]LogD3D11RHI: GPU Timing Frequency: 1000.000000 (Debug: 2 2)
[2017.11.18-00.49.29:260][  0]LogShaderCompilers: Guid format shader working directory is -23 characters bigger than the processId version (../../../../../../Users/s179141/Documents/Unreal Projects/Experimenting/Intermediate/Shaders/WorkingDirectory/2016/).
[2017.11.18-00.49.29:260][  0]LogShaderCompilers: Cleaned the shader compiler working directory 'C:/Users/s179141/AppData/Local/Temp/UnrealShaderWorkingDir/972FCCBD44838EE300F4FAB78DF6C664/'.
[2017.11.18-00.49.29:260][  0]LogShaderCompilers: Display: Using Local Shader Compiler.
[2017.11.18-00.49.30:619][  0]LogTemp: Display: Loaded TP AllDesktopTargetPlatform
[2017.11.18-00.49.30:700][  0]LogTemp: Display: Loaded TP MacClientTargetPlatform
[2017.11.18-00.49.30:783][  0]LogTemp: Display: Loaded TP MacNoEditorTargetPlatform
[2017.11.18-00.49.30:870][  0]LogTemp: Display: Loaded TP MacServerTargetPlatform
[2017.11.18-00.49.30:950][  0]LogTemp: Display: Loaded TP MacTargetPlatform
[2017.11.18-00.49.31:029][  0]LogTemp: Display: Loaded TP WindowsClientTargetPlatform
[2017.11.18-00.49.31:102][  0]LogTemp: Display: Loaded TP WindowsNoEditorTargetPlatform
[2017.11.18-00.49.31:182][  0]LogTemp: Display: Loaded TP WindowsServerTargetPlatform
[2017.11.18-00.49.31:250][  0]LogTemp: Display: Loaded TP WindowsTargetPlatform
[2017.11.18-00.49.31:332][  0]LogTemp: Display: Loaded TP Android_ASTCTargetPlatform
[2017.11.18-00.49.31:416][  0]LogTemp: Display: Loaded TP Android_ATCTargetPlatform
[2017.11.18-00.49.31:495][  0]LogTemp: Display: Loaded TP Android_DXTTargetPlatform
[2017.11.18-00.49.31:573][  0]LogTemp: Display: Loaded TP Android_ETC1TargetPlatform
[2017.11.18-00.49.31:649][  0]LogTemp: Display: Loaded TP Android_ETC2TargetPlatform
[2017.11.18-00.49.31:817][  0]LogTemp: Display: Loaded TP Android_MultiTargetPlatform
[2017.11.18-00.49.31:817][  0]LogTemp: Display: Loaded TP Android_PVRTCTargetPlatform
[2017.11.18-00.49.31:897][  0]LogTemp: Display: Loaded TP AndroidTargetPlatform
[2017.11.18-00.49.31:962][  0]LogTemp: Display: Loaded TP HTML5TargetPlatform
[2017.11.18-00.49.32:085][  0]LogTemp: Display: Loaded TP IOSTargetPlatform
[2017.11.18-00.49.32:122][  0]LogTemp: Display: Loaded TP TVOSTargetPlatform
[2017.11.18-00.49.32:208][  0]LogTemp: Display: Loaded TP LinuxClientTargetPlatform
[2017.11.18-00.49.32:285][  0]LogTemp: Display: Loaded TP LinuxNoEditorTargetPlatform
[2017.11.18-00.49.32:361][  0]LogTemp: Display: Loaded TP LinuxServerTargetPlatform
[2017.11.18-00.49.32:439][  0]LogTemp: Display: Loaded TP LinuxTargetPlatform
[2017.11.18-00.49.32:439][  0]LogTargetPlatformManager: Display: Building Assets For Windows
[2017.11.18-00.49.33:132][  0]LogDerivedDataCache: Display: Max Cache Size: 512 MB
[2017.11.18-00.49.33:231][  0]LogDerivedDataCache: Loaded boot cache 0.10s 78MB C:/Users/s179141/AppData/Local/UnrealEngine/4.18/DerivedDataCache/Boot.ddc.
[2017.11.18-00.49.33:231][  0]LogDerivedDataCache: Display: Loaded Boot cache: C:/Users/s179141/AppData/Local/UnrealEngine/4.18/DerivedDataCache/Boot.ddc
[2017.11.18-00.49.33:231][  0]LogDerivedDataCache: FDerivedDataBackendGraph:  Pak pak cache file ../../../../../../Users/s179141/Documents/Unreal Projects/Experimenting/DerivedDataCache/DDC.ddp not found, will not use a pak cache.
[2017.11.18-00.49.33:231][  0]LogDerivedDataCache: Unable to find inner node Pak for hierarchical cache Hierarchy.
[2017.11.18-00.49.33:231][  0]LogDerivedDataCache: FDerivedDataBackendGraph:  CompressedPak pak cache file ../../../../../../Users/s179141/Documents/Unreal Projects/Experimenting/DerivedDataCache/Compressed.ddp not found, will not use a pak cache.
[2017.11.18-00.49.33:231][  0]LogDerivedDataCache: Unable to find inner node CompressedPak for hierarchical cache Hierarchy.
[2017.11.18-00.49.33:255][  0]LogDerivedDataCache: Display: Pak cache opened for reading ../../../Engine/DerivedDataCache/Compressed.ddp.
[2017.11.18-00.49.33:268][  0]LogDerivedDataCache: Using Local data cache path C:/Users/s179141/AppData/Local/UnrealEngine/Common/DerivedDataCache: Writable
[2017.11.18-00.49.33:283][  0]LogMaterial: Verifying Global Shaders for PCD3D_SM5
[2017.11.18-00.49.33:284][  0]LogSlate: Using Freetype 2.6.0
[2017.11.18-00.49.33:285][  0]LogSlate: SlateFontCache - WITH_FREETYPE: 1, WITH_HARFBUZZ: 1
[2017.11.18-00.49.33:285][  0]LogSlate: SlateFontCache - WITH_FREETYPE: 1, WITH_HARFBUZZ: 1
[2017.11.18-00.49.33:828][  0]LogInit: Selected Device Profile: [Windows]
[2017.11.18-00.49.34:346][  0]LogSimplygon: Simplygon DLL not present - disabling.
[2017.11.18-00.49.34:412][  0]LogMeshReduction: Using SimplygonSwarm for distributed automatic mesh merging
[2017.11.18-00.49.34:412][  0]LogMeshReduction: Using QuadricMeshReduction for automatic static mesh reduction
[2017.11.18-00.49.34:412][  0]LogMeshReduction: No automatic skeletal mesh reduction module available
[2017.11.18-00.49.34:412][  0]LogMeshReduction: No automatic mesh merging module available
[2017.11.18-00.49.34:412][  0]LogMeshMerging: No automatic mesh merging module available
[2017.11.18-00.49.34:454][  0]LogNetVersion: Experimenting , NetCL: 3709383, EngineNetVer: 2, GameNetVer: 0 (Checksum: 778289342)
[2017.11.18-00.49.34:665][  0]LogAssetRegistry: FAssetRegistry took 0.0257 seconds to start up
[2017.11.18-00.49.35:316][  0]LogPackageLocalizationCache: Processed 7 localized package path(s) for 2 prioritized culture(s) in 0.076597 seconds
[2017.11.18-00.49.35:322][  0]LogUObjectArray: 35900 objects as part of root set at end of initial load.
[2017.11.18-00.49.35:322][  0]LogUObjectAllocator: 7372024 out of 0 bytes used by permanent object pool.
[2017.11.18-00.49.35:322][  0]LogUObjectArray: CloseDisregardForGC: 0/0 objects in disregard for GC pool
[2017.11.18-00.49.35:402][  0]LogInit: WinSock: version 1.1 (2.2), MaxSocks=32767, MaxUdp=65467
[2017.11.18-00.49.39:357][  0]LogTcpMessaging: Initializing TcpMessaging bridge
[2017.11.18-00.49.39:410][  0]LogUdpMessaging: Initializing bridge on interface 0.0.0.0:0 to multicast group 230.0.0.1:6666.
[2017.11.18-00.49.40:411][  0]LogMaterial: Uniform references updated for custom material expression Custom.
[2017.11.18-00.49.41:073][  0]SourceControl: Source control is disabled
[2017.11.18-00.49.41:073][  0]SourceControl: Source control is disabled
[2017.11.18-00.49.41:158][  0]SourceControl: Source control is disabled
[2017.11.18-00.49.41:242][  0]SourceControl: Source control is disabled
[2017.11.18-00.49.42:493][  0]LogAndroidPermission: UAndroidPermissionCallbackProxy::GetInstance
[2017.11.18-00.49.42:916][  0]LogOcInput: OculusInput pre-init called
[2017.11.18-00.49.43:354][  0]LogEngine: Initializing Engine...
[2017.11.18-00.49.43:356][  0]LogHMD: Failed to initialize OpenVR with code 110
[2017.11.18-00.49.43:624][  0]LogStats: UGameplayTagsManager::ConstructGameplayTagTree: Construct from data asset -  0.000 s
[2017.11.18-00.49.43:624][  0]LogStats: UGameplayTagsManager::ConstructGameplayTagTree: GameplayTagTreeChangedEvent.Broadcast -  0.000 s
[2017.11.18-00.49.43:828][  0]LogAIModule: Creating AISystem for world Untitled
[2017.11.18-00.49.43:844][  0]LogInit: XAudio2 using 'Headphones (High Definition Audio Device)' : 2 channels at 44.1 kHz using 16 bits per sample (channel mask 0x3)
[2017.11.18-00.49.43:853][  0]LogInit: FAudioDevice initialized.
[2017.11.18-00.49.43:933][  0]LogDerivedDataCache: Saved boot cache 0.08s 78MB C:/Users/s179141/AppData/Local/UnrealEngine/4.18/DerivedDataCache/Boot.ddc.
[2017.11.18-00.49.43:949][  0]LogInit: Texture streaming: Enabled
[2017.11.18-00.49.44:101][  0]LogEngineSessionManager: EngineSessionManager initialized
[2017.11.18-00.49.44:298][  0]LogInit: Transaction tracking system initialized
[2017.11.18-00.49.44:789][  0]BlueprintLog: New page: Editor Load
[2017.11.18-00.49.46:209][  0]LocalizationService: Localization service is disabled
[2017.11.18-00.49.47:023][  0]LogLinker: Warning: Can't find file '/Game/Data/NewBlueprint'
[2017.11.18-00.49.47:023][  0]LogLinker: Warning: Can't find file '/Game/Data/NewBlueprint'
[2017.11.18-00.49.47:023][  0]LogUObjectGlobals: Warning: Failed to find object 'Class /Game/Data/NewBlueprint.NewBlueprint_C'
[2017.11.18-00.49.47:375][  0]LogConsoleResponse: Display: 
[2017.11.18-00.49.47:602][  0]LogCook: Display: Max memory allowance for cook 16384mb min free memory 0mb
[2017.11.18-00.49.47:602][  0]LogCook: Display: Mobile HDR setting 1
[2017.11.18-00.49.47:602][  0]LogGameplayTags: Display: UGameplayTagsManager::DoneAddingNativeTags. DelegateIsBound: 0
[2017.11.18-00.49.48:101][  0]LogFileCache: Scanning file cache for directory 'C:/Users/s179141/Documents/Unreal Projects/Experimenting/Content/' took 0.01s
[2017.11.18-00.49.49:480][  0]SourceControl: Source control is disabled
[2017.11.18-00.49.49:480][  0]Cmd: MAP LOAD FILE="../../../../../../Users/s179141/Documents/Unreal Projects/Experimenting/Content/ThirdPersonBP/Maps/ThirdPersonExampleMap.umap" TEMPLATE=0 SHOWPROGRESS=1 FEATURELEVEL=3
[2017.11.18-00.49.49:480][  0]LightingResults: New page: Lighting Build
[2017.11.18-00.49.49:551][  0]MapCheck: New page: Map Check
[2017.11.18-00.49.49:551][  0]LightingResults: New page: Lighting Build
[2017.11.18-00.49.50:279][  0]LogAIModule: Creating AISystem for world ThirdPersonExampleMap
[2017.11.18-00.49.50:295][  0]LogEditorServer: Finished looking for orphan Actors (0.000 secs)
[2017.11.18-00.49.50:311][  0]Cmd: MAP CHECKDEP NOCLEARLOG
[2017.11.18-00.49.50:409][  0]MapCheck: Map check complete: 0 Error(s), 0 Warning(s), took 98.576ms to complete.
[2017.11.18-00.49.50:410][  0]LogFileHelpers: Loading map 'ThirdPersonExampleMap' took 0.930
[2017.11.18-00.49.50:598][  0]LogCollectionManager: Loaded 0 collections in 0.001595 seconds
[2017.11.18-00.49.50:708][  0]LogFileCache: Scanning file cache for directory 'C:/Users/s179141/Documents/Unreal Projects/Experimenting/Saved/Collections/' took 0.01s
[2017.11.18-00.49.50:708][  0]LogFileCache: Scanning file cache for directory 'C:/Users/s179141/Documents/Unreal Projects/Experimenting/Content/Developers/s179141/Collections/' took 0.01s
[2017.11.18-00.49.50:708][  0]LogFileCache: Scanning file cache for directory 'C:/Users/s179141/Documents/Unreal Projects/Experimenting/Content/Collections/' took 0.01s
[2017.11.18-00.49.50:708][  0]LogCollectionManager: Rebuilt the GUID cache for 0 collections in 0.000001 seconds
[2017.11.18-00.49.50:722][  0]LogContentBrowser: Native class hierarchy populated in 0.0137 seconds. Added 2363 classes and 519 folders.
[2017.11.18-00.49.50:845][  0]LogContentBrowser: Native class hierarchy updated for 'WidgetCarousel' in 0.0003 seconds. Added 0 classes and 0 folders.
[2017.11.18-00.49.50:895][  0]LogContentBrowser: Native class hierarchy updated for 'AddContentDialog' in 0.0003 seconds. Added 0 classes and 0 folders.
[2017.11.18-00.49.50:994][  0]LogContentBrowser: Native class hierarchy updated for 'SceneOutliner' in 0.0004 seconds. Added 1 classes and 2 folders.
[2017.11.18-00.49.51:024][  0]LogSlate: Took 0.000438 seconds to synchronously load lazily loaded font '../../../Engine/Content/Slate/Fonts/Roboto-Regular.ttf' (155K)
[2017.11.18-00.49.51:027][  0]LogSlate: Took 0.000445 seconds to synchronously load lazily loaded font '../../../Engine/Content/Slate/Fonts/Roboto-Bold.ttf' (160K)
[2017.11.18-00.49.51:035][  0]LogSlate: Took 0.000294 seconds to synchronously load lazily loaded font '../../../Engine/Content/Editor/Slate/Fonts/FontAwesome.ttf' (139K)
[2017.11.18-00.49.51:262][  0]LogRenderer: Reallocating scene render targets to support 1212x576 Format 10 NumSamples 1 (Frame:1).
[2017.11.18-00.49.51:564][  0]LogContentBrowser: Native class hierarchy updated for 'HierarchicalLODOutliner' in 0.0003 seconds. Added 1 classes and 2 folders.
[2017.11.18-00.49.51:564][  0]LogLoad: (Engine Initialization) Total time: 26.79 seconds
[2017.11.18-00.49.51:564][  0]LogLoad: (Engine Initialization) Total Blueprint compile time: 0.00 seconds
[2017.11.18-00.49.51:564][  0]LogExternalProfiler: Found external profiler: VSPerf
[2017.11.18-00.49.51:564][  0]LogExternalProfiler: Using external profiler: VSPerf
[2017.11.18-00.49.51:923][  0]LogContentStreaming: Texture pool size now 1000 MB
[2017.11.18-00.49.52:256][  1]LogAssetRegistry: Asset discovery search completed in 17.6130 seconds
[2017.11.18-00.49.52:260][  1]LogCollectionManager: Rebuilt the object cache for 0 collections in 0.000000 seconds (found 0 objects)
[2017.11.18-00.49.52:260][  1]LogCollectionManager: Fixed up redirectors for 0 collections in 0.000076 seconds (updated 0 objects)
[2017.11.18-00.49.52:904][  3]LogSlate: Took 0.000333 seconds to synchronously load lazily loaded font '../../../Engine/Content/Slate/Fonts/Roboto-Light.ttf' (159K)
[2017.11.18-00.49.56:242][ 13]LogSlate: Took 0.000217 seconds to synchronously load lazily loaded font '../../../Engine/Content/Slate/Fonts/Roboto-Light.ttf' (159K)
[2017.11.18-00.50.01:718][237]LogSlate: Took 0.000224 seconds to synchronously load lazily loaded font '../../../Engine/Content/Slate/Fonts/Roboto-Light.ttf' (159K)
[2017.11.18-00.50.01:777][237]LogAIModule: Creating AISystem for world ThirdPersonExampleMap
[2017.11.18-00.50.01:806][237]Cmd: MAP LOAD FILE="../../../../../../Users/s179141/Documents/Unreal Projects/Experimenting/Content/Maps/ThirdPersonExampleMap.umap" TEMPLATE=0 SHOWPROGRESS=1 FEATURELEVEL=3
[2017.11.18-00.50.01:806][237]LightingResults: New page: Lighting Build
[2017.11.18-00.50.01:807][237]LoadErrors: New page: Loading map: ThirdPersonExampleMap.umap
[2017.11.18-00.50.01:808][237]MapCheck: New page: Map Check
[2017.11.18-00.50.01:808][237]LightingResults: New page: Lighting Build
[2017.11.18-00.50.01:826][237]LogEditorServer: Finished looking for orphan Actors (0.000 secs)
[2017.11.18-00.50.01:860][237]Cmd: MAP CHECKDEP NOCLEARLOG
[2017.11.18-00.50.01:945][237]MapCheck: Map check complete: 0 Error(s), 0 Warning(s), took 84.163ms to complete.
[2017.11.18-00.50.01:945][237]LogFileHelpers: Loading map 'ThirdPersonExampleMap' took 0.140
[2017.11.18-00.50.03:274][291]LogAIModule: Creating AISystem for world maps
[2017.11.18-00.50.03:293][291]Cmd: MAP LOAD FILE="../../../../../../Users/s179141/Documents/Unreal Projects/Experimenting/Content/Maps/maps.umap" TEMPLATE=0 SHOWPROGRESS=1 FEATURELEVEL=3
[2017.11.18-00.50.03:294][291]LightingResults: New page: Lighting Build
[2017.11.18-00.50.03:294][291]LoadErrors: New page: Loading map: maps.umap
[2017.11.18-00.50.03:295][291]MapCheck: New page: Map Check
[2017.11.18-00.50.03:295][291]LightingResults: New page: Lighting Build
[2017.11.18-00.50.03:311][291]LogEditorServer: Finished looking for orphan Actors (0.000 secs)
[2017.11.18-00.50.03:341][291]Cmd: MAP CHECKDEP NOCLEARLOG
[2017.11.18-00.50.03:420][291]MapCheck: Map check complete: 0 Error(s), 0 Warning(s), took 78.979ms to complete.
[2017.11.18-00.50.03:420][291]LogFileHelpers: Loading map 'maps' took 0.128
[2017.11.18-00.50.06:098][409]LogEditorViewport: Clicking on Actor (LMB): StaticMeshActor (obj_wall6)
[2017.11.18-00.50.17:121][869]LogEditorFactories: Performing atomic reimport of [C:/Users/s179141/Downloads/wallandfloor/obj_wall1.obj]
[2017.11.18-00.50.17:159][869]LogFbx: Loading FBX Scene from C:/Users/s179141/Downloads/wallandfloor/obj_wall1.obj
[2017.11.18-00.50.17:162][869]LogFbx: FBX Scene Loaded Succesfully
[2017.11.18-00.50.17:166][869]LogFbx: Warning: Triangulating static mesh outerwall
[2017.11.18-00.50.17:181][869]LogStaticMesh: Building static mesh obj_wall1...
[2017.11.18-00.50.17:184][869]LogStaticMesh: Built static mesh [0.00s] /Game/Stuff/obj_wall1.obj_wall1
[2017.11.18-00.50.17:186][869]LogStaticMesh: Warning: obj_wall1 has degenerate tangent bases which will result in incorrect shading.  MikkTSpace relies on tangent bases and may result in mesh corruption, consider disabling this option.
[2017.11.18-00.50.17:186][869]LogStaticMesh: Warning: obj_wall1 has some nearly zero bi-normals which can create some issues. (Tolerance of 1E-4)
[2017.11.18-00.50.17:198][869]LogEditorFactories: -- imported successfully
[2017.11.18-00.50.17:202][869]FBXImport: Warning: obj_wall1 has degenerate tangent bases which will result in incorrect shading.  MikkTSpace relies on tangent bases and may result in mesh corruption, consider disabling this option. 
[2017.11.18-00.50.17:202][869]FBXImport: Warning: obj_wall1 has some nearly zero bi-normals which can create some issues. (Tolerance of 1E-4) 
[2017.11.18-00.50.21:313][ 26]LogRenderer: Reallocating scene render targets to support 1432x924 Format 10 NumSamples 1 (Frame:1).
[2017.11.18-00.50.29:282][376]Cmd: OBJ SAVEPACKAGE PACKAGE="/Game/Stuff/obj_wall1" FILE="../../../../../../Users/s179141/Documents/Unreal Projects/Experimenting/Content/Stuff/obj_wall1.uasset" SILENT=true
[2017.11.18-00.50.29:309][376]LogSavePackage: Save=19.55ms
[2017.11.18-00.50.29:309][376]LogSavePackage: Moving '../../../../../../Users/s179141/Documents/Unreal Projects/Experimenting/Saved/obj_wall1892AF868446F2EE14CAA4D96A1178BA9.tmp' to '../../../../../../Users/s179141/Documents/Unreal Projects/Experimenting/Content/Stuff/obj_wall1.uasset'
[2017.11.18-00.50.29:318][376]LogSavePackage: Display: Finished SavePackage ../../../../../../Users/s179141/Documents/Unreal Projects/Experimenting/Content/Stuff/obj_wall1.uasset
[2017.11.18-00.51.09:942][833]LogEditorTransaction: Undo Create Box Collision
[2017.11.18-00.53.09:616][528]Cmd: OBJ SAVEPACKAGE PACKAGE="/Game/Stuff/obj_wall1" FILE="../../../../../../Users/s179141/Documents/Unreal Projects/Experimenting/Content/Stuff/obj_wall1.uasset" SILENT=true
[2017.11.18-00.53.09:641][528]LogSavePackage: Save=19.45ms
[2017.11.18-00.53.09:641][528]LogSavePackage: Moving '../../../../../../Users/s179141/Documents/Unreal Projects/Experimenting/Saved/obj_wall120DC47704D3E451351A8149517F79496.tmp' to '../../../../../../Users/s179141/Documents/Unreal Projects/Experimenting/Content/Stuff/obj_wall1.uasset'
[2017.11.18-00.53.09:646][528]LogSavePackage: Display: Finished SavePackage ../../../../../../Users/s179141/Documents/Unreal Projects/Experimenting/Content/Stuff/obj_wall1.uasset
[2017.11.18-00.55.49:214][922]Cmd: OBJ SAVEPACKAGE PACKAGE="/Game/Stuff/obj_wall1" FILE="../../../../../../Users/s179141/Documents/Unreal Projects/Experimenting/Content/Stuff/obj_wall1.uasset" SILENT=true
[2017.11.18-00.55.49:251][922]LogSavePackage: Save=30.22ms
[2017.11.18-00.55.49:251][922]LogSavePackage: Moving '../../../../../../Users/s179141/Documents/Unreal Projects/Experimenting/Saved/obj_wall15B41E59F42E07DF2E7E3B7869213E5B4.tmp' to '../../../../../../Users/s179141/Documents/Unreal Projects/Experimenting/Content/Stuff/obj_wall1.uasset'
[2017.11.18-00.55.49:257][922]LogSavePackage: Display: Finished SavePackage ../../../../../../Users/s179141/Documents/Unreal Projects/Experimenting/Content/Stuff/obj_wall1.uasset
[2017.11.18-00.55.56:934][610]LogTemp: Repeating last play command: Selected Viewport
[2017.11.18-00.55.56:982][610]LogPlayLevel: PlayLevel: No blueprints needed recompiling
[2017.11.18-00.55.56:983][610]PIE: New page: PIE session: maps (Nov 17, 2017, 8:55:56 AM)
[2017.11.18-00.55.56:983][610]LogPlayLevel: Creating play world package: /Game/Maps/UEDPIE_0_maps
[2017.11.18-00.55.56:993][610]LogPlayLevel: PIE: StaticDuplicateObject took: (0.010391s)
[2017.11.18-00.55.56:994][610]LogAIModule: Creating AISystem for world maps
[2017.11.18-00.55.56:994][610]LogPlayLevel: PIE: World Init took: (0.000985s)
[2017.11.18-00.55.56:994][610]LogPlayLevel: PIE: Created PIE world by copying editor world from /Game/Maps/maps.maps to /Game/Maps/UEDPIE_0_maps.maps (0.011722s)
[2017.11.18-00.55.57:023][610]LogInit: XAudio2 using 'Headphones (High Definition Audio Device)' : 2 channels at 44.1 kHz using 16 bits per sample (channel mask 0x3)
[2017.11.18-00.55.57:032][610]LogInit: FAudioDevice initialized.
[2017.11.18-00.55.57:082][610]LogLoad: Game class is 'ThirdPersonGameMode_C'
[2017.11.18-00.55.57:084][610]LogWorld: Bringing World /Game/Maps/UEDPIE_0_maps.maps up for play (max tick rate 0) at 2017.11.17-16.55.57
[2017.11.18-00.55.57:085][610]LogWorld: Bringing up level for play took: 0.001595
[2017.11.18-00.55.57:160][610]LogContentBrowser: Native class hierarchy updated for 'MovieSceneCapture' in 0.0004 seconds. Added 11 classes and 0 folders.
[2017.11.18-00.55.57:163][610]PIE: Play in editor start time for /Game/Maps/UEDPIE_0_maps 0.814
[2017.11.18-00.56.07:708][754]LogTemp: Repeating last play command: Selected Viewport
[2017.11.18-00.56.07:738][754]LogPlayLevel: PlayLevel: No blueprints needed recompiling
[2017.11.18-00.56.07:738][754]PIE: New page: PIE session: maps (Nov 17, 2017, 8:56:07 AM)
[2017.11.18-00.56.07:738][754]LogPlayLevel: Creating play world package: /Game/Maps/UEDPIE_0_maps
[2017.11.18-00.56.07:748][754]LogPlayLevel: PIE: StaticDuplicateObject took: (0.009799s)
[2017.11.18-00.56.07:749][754]LogAIModule: Creating AISystem for world maps
[2017.11.18-00.56.07:749][754]LogPlayLevel: PIE: World Init took: (0.001319s)
[2017.11.18-00.56.07:750][754]LogPlayLevel: PIE: Created PIE world by copying editor world from /Game/Maps/maps.maps to /Game/Maps/UEDPIE_0_maps.maps (0.011601s)
[2017.11.18-00.56.07:782][754]LogInit: XAudio2 using 'Headphones (High Definition Audio Device)' : 2 channels at 44.1 kHz using 16 bits per sample (channel mask 0x3)
[2017.11.18-00.56.07:793][754]LogInit: FAudioDevice initialized.
[2017.11.18-00.56.07:828][754]LogLoad: Game class is 'ThirdPersonGameMode_C'
[2017.11.18-00.56.07:830][754]LogWorld: Bringing World /Game/Maps/UEDPIE_0_maps.maps up for play (max tick rate 0) at 2017.11.17-16.56.07
[2017.11.18-00.56.07:830][754]LogWorld: Bringing up level for play took: 0.001584
[2017.11.18-00.56.07:834][754]PIE: Play in editor start time for /Game/Maps/UEDPIE_0_maps -0.515
[2017.11.18-00.56.18:646][791]LogEditorViewport: Clicking on Actor (LMB): StaticMeshActor (Floor)
[2017.11.18-00.56.43:200][748]LogEditorViewport: Clicking on Actor (LMB): StaticMeshActor (obj_floor)
[2017.11.18-00.56.44:470][835]LogEditorViewport: Clicking on Actor (LMB): StaticMeshActor (Floor)
[2017.11.18-00.56.48:624][151]Cmd: TRANSACTION UNDO
[2017.11.18-00.56.48:624][151]LogEditorTransaction: Undo Move Actors
[2017.11.18-00.56.54:201][471]LogEditorViewport: Clicking on Actor (LMB): StaticMeshActor (obj_floor)
[2017.11.18-00.56.55:173][546]LogEditorViewport: Clicking on Actor (LMB): StaticMeshActor (Floor)
[2017.11.18-00.57.02:388][142]Cmd: OBJ SAVEPACKAGE PACKAGE="/Game/Maps/maps" FILE="../../../../../../Users/s179141/Documents/Unreal Projects/Experimenting/Content/Maps/maps.umap" SILENT=true AUTOSAVING=false KEEPDIRTY=false
[2017.11.18-00.57.02:461][142]LogSavePackage: Save=51.70ms
[2017.11.18-00.57.02:461][142]LogSavePackage: Moving '../../../../../../Users/s179141/Documents/Unreal Projects/Experimenting/Saved/mapsC301782C48797BD30EB7159BD0CDE23C.tmp' to '../../../../../../Users/s179141/Documents/Unreal Projects/Experimenting/Content/Maps/maps.umap'
[2017.11.18-00.57.02:467][142]LogSavePackage: Display: Finished SavePackage ../../../../../../Users/s179141/Documents/Unreal Projects/Experimenting/Content/Maps/maps.umap
[2017.11.18-00.57.02:893][168]LogTemp: Repeating last play command: Selected Viewport
[2017.11.18-00.57.02:921][168]LogPlayLevel: PlayLevel: No blueprints needed recompiling
[2017.11.18-00.57.02:921][168]PIE: New page: PIE session: maps (Nov 17, 2017, 8:57:02 AM)
[2017.11.18-00.57.02:921][168]LogPlayLevel: Creating play world package: /Game/Maps/UEDPIE_0_maps
[2017.11.18-00.57.02:928][168]LogPlayLevel: PIE: StaticDuplicateObject took: (0.006506s)
[2017.11.18-00.57.02:928][168]LogAIModule: Creating AISystem for world maps
[2017.11.18-00.57.02:929][168]LogPlayLevel: PIE: World Init took: (0.000792s)
[2017.11.18-00.57.02:929][168]LogPlayLevel: PIE: Created PIE world by copying editor world from /Game/Maps/maps.maps to /Game/Maps/UEDPIE_0_maps.maps (0.007581s)
[2017.11.18-00.57.02:947][168]LogInit: XAudio2 using 'Headphones (High Definition Audio Device)' : 2 channels at 44.1 kHz using 16 bits per sample (channel mask 0x3)
[2017.11.18-00.57.02:954][168]LogInit: FAudioDevice initialized.
[2017.11.18-00.57.02:983][168]LogLoad: Game class is 'ThirdPersonGameMode_C'
[2017.11.18-00.57.02:985][168]LogWorld: Bringing World /Game/Maps/UEDPIE_0_maps.maps up for play (max tick rate 0) at 2017.11.17-16.57.02
[2017.11.18-00.57.02:985][168]LogWorld: Bringing up level for play took: 0.001335
[2017.11.18-00.57.02:988][168]PIE: Play in editor start time for /Game/Maps/UEDPIE_0_maps 0.642
[2017.11.18-00.57.19:946][ 74]LogEditorViewport: Clicking on Actor (LMB): StaticMeshActor (obj_wall3)
[2017.11.18-00.58.20:499][545]LogEditorViewport: Clicking on Actor (LMB): BP_Sky_Sphere_C (Sky Sphere)
[2017.11.18-00.58.20:998][571]Cmd: OBJ SAVEPACKAGE PACKAGE="/Game/Maps/maps" FILE="../../../../../../Users/s179141/Documents/Unreal Projects/Experimenting/Content/Maps/maps.umap" SILENT=true AUTOSAVING=false KEEPDIRTY=false
[2017.11.18-00.58.21:082][571]LogSavePackage: Save=65.11ms
[2017.11.18-00.58.21:082][571]LogSavePackage: Moving '../../../../../../Users/s179141/Documents/Unreal Projects/Experimenting/Saved/mapsFEB8A53C4E05176D732B98B82A07A18B.tmp' to '../../../../../../Users/s179141/Documents/Unreal Projects/Experimenting/Content/Maps/maps.umap'
[2017.11.18-00.58.21:109][571]LogSavePackage: Display: Finished SavePackage ../../../../../../Users/s179141/Documents/Unreal Projects/Experimenting/Content/Maps/maps.umap
[2017.11.18-00.58.26:824][985]LogTemp: Repeating last play command: Selected Viewport
[2017.11.18-00.58.26:845][985]LogPlayLevel: PlayLevel: No blueprints needed recompiling
[2017.11.18-00.58.26:845][985]PIE: New page: PIE session: maps (Nov 17, 2017, 8:58:26 AM)
[2017.11.18-00.58.26:845][985]LogPlayLevel: Creating play world package: /Game/Maps/UEDPIE_0_maps
[2017.11.18-00.58.26:853][985]LogPlayLevel: PIE: StaticDuplicateObject took: (0.007501s)
[2017.11.18-00.58.26:853][985]LogAIModule: Creating AISystem for world maps
[2017.11.18-00.58.26:854][985]LogPlayLevel: PIE: World Init took: (0.001213s)
[2017.11.18-00.58.26:854][985]LogPlayLevel: PIE: Created PIE world by copying editor world from /Game/Maps/maps.maps to /Game/Maps/UEDPIE_0_maps.maps (0.009157s)
[2017.11.18-00.58.26:879][985]LogInit: XAudio2 using 'Headphones (High Definition Audio Device)' : 2 channels at 44.1 kHz using 16 bits per sample (channel mask 0x3)
[2017.11.18-00.58.26:887][985]LogInit: FAudioDevice initialized.
[2017.11.18-00.58.26:921][985]LogLoad: Game class is 'ThirdPersonGameMode_C'
[2017.11.18-00.58.26:922][985]LogWorld: Bringing World /Game/Maps/UEDPIE_0_maps.maps up for play (max tick rate 0) at 2017.11.17-16.58.26
[2017.11.18-00.58.26:923][985]LogWorld: Bringing up level for play took: 0.001543
[2017.11.18-00.58.26:926][985]PIE: Play in editor start time for /Game/Maps/UEDPIE_0_maps 0.584
[2017.11.18-00.58.42:384][547]LogEditorViewport: Clicking on Actor (LMB): StaticMeshActor (obj_wall3)
[2017.11.18-00.58.57:518][525]LogEditorViewport: Clicking on Actor (LMB): BP_Sky_Sphere_C (Sky Sphere)
[2017.11.18-00.58.59:246][639]LogEditorViewport: Clicking on Actor (LMB): StaticMeshActor (obj_wall3)
[2017.11.18-00.59.10:267][ 83]LogEditorViewport: Clicking on Actor (LMB): BP_Sky_Sphere_C (Sky Sphere)
[2017.11.18-00.59.13:033][285]Cmd: OBJ SAVEPACKAGE PACKAGE="/Game/Maps/maps" FILE="../../../../../../Users/s179141/Documents/Unreal Projects/Experimenting/Content/Maps/maps.umap" SILENT=true AUTOSAVING=false KEEPDIRTY=false
[2017.11.18-00.59.13:106][285]LogSavePackage: Save=55.97ms
[2017.11.18-00.59.13:106][285]LogSavePackage: Moving '../../../../../../Users/s179141/Documents/Unreal Projects/Experimenting/Saved/maps936CEBB84F2B2240F4FFFE9310D98F45.tmp' to '../../../../../../Users/s179141/Documents/Unreal Projects/Experimenting/Content/Maps/maps.umap'
[2017.11.18-00.59.13:113][285]LogSavePackage: Display: Finished SavePackage ../../../../../../Users/s179141/Documents/Unreal Projects/Experimenting/Content/Maps/maps.umap
[2017.11.18-00.59.17:684][548]LogEditorViewport: Clicking on Actor (LMB): PlayerStart (Player Start)
[2017.11.18-00.59.20:281][743]LogNavigationPoint: PostEditMove Clear paths rebuilt
[2017.11.18-00.59.22:119][832]LogNavigationPoint: PostEditMove Clear paths rebuilt
[2017.11.18-00.59.23:706][911]LogTemp: Repeating last play command: Selected Viewport
[2017.11.18-00.59.23:725][911]LogPlayLevel: PlayLevel: No blueprints needed recompiling
[2017.11.18-00.59.23:725][911]PIE: New page: PIE session: maps (Nov 17, 2017, 8:59:23 AM)
[2017.11.18-00.59.23:725][911]LogPlayLevel: Creating play world package: /Game/Maps/UEDPIE_0_maps
[2017.11.18-00.59.23:732][911]LogPlayLevel: PIE: StaticDuplicateObject took: (0.006605s)
[2017.11.18-00.59.23:733][911]LogAIModule: Creating AISystem for world maps
[2017.11.18-00.59.23:733][911]LogPlayLevel: PIE: World Init took: (0.001072s)
[2017.11.18-00.59.23:733][911]LogPlayLevel: PIE: Created PIE world by copying editor world from /Game/Maps/maps.maps to /Game/Maps/UEDPIE_0_maps.maps (0.008031s)
[2017.11.18-00.59.23:759][911]LogInit: XAudio2 using 'Headphones (High Definition Audio Device)' : 2 channels at 44.1 kHz using 16 bits per sample (channel mask 0x3)
[2017.11.18-00.59.23:768][911]LogInit: FAudioDevice initialized.
[2017.11.18-00.59.23:799][911]LogLoad: Game class is 'ThirdPersonGameMode_C'
[2017.11.18-00.59.23:801][911]LogWorld: Bringing World /Game/Maps/UEDPIE_0_maps.maps up for play (max tick rate 0) at 2017.11.17-16.59.23
[2017.11.18-00.59.23:801][911]LogWorld: Bringing up level for play took: 0.001642
[2017.11.18-00.59.23:804][911]PIE: Play in editor start time for /Game/Maps/UEDPIE_0_maps -0.534
[2017.11.18-01.00.04:267][369]LogEditorViewport: Clicking on Actor (context menu): StaticMeshActor (obj_wall3)
[2017.11.18-01.00.04:540][374]Cmd: CAMERA SNAP
[2017.11.18-01.00.04:540][374]Snapped camera to the first selected object.
[2017.11.18-01.00.09:121][723]LogEditorViewport: Clicking on Actor (context menu): StaticMeshActor (obj_wall6)
[2017.11.18-01.00.19:707][584]LogEditorViewport: Clicking on Actor (context menu): StaticMeshActor (obj_wall6)
[2017.11.18-01.00.32:760][406]LogEditorViewport: Clicking on Actor (LMB): BP_Sky_Sphere_C (Sky Sphere)
[2017.11.18-01.00.52:551][550]LogEditorViewport: Clicking on Actor (context menu): BP_Sky_Sphere_C (Sky Sphere)
[2017.11.18-01.00.53:589][634]LogEditorViewport: Clicking on Actor (context menu): BP_Sky_Sphere_C (Sky Sphere)
[2017.11.18-01.00.55:076][730]Cmd: CAMERA ALIGN ACTIVEVIEWPORTONLY
[2017.11.18-01.01.00:280][102]LogEditorViewport: Clicking on Actor (context menu): StaticMeshActor (Floor)
[2017.11.18-01.01.02:793][223]Cmd: CAMERA ALIGN ACTIVEVIEWPORTONLY
[2017.11.18-01.01.05:323][439]LogEditorViewport: Clicking on Actor (context menu): BP_Sky_Sphere_C (Sky Sphere)
[2017.11.18-01.01.08:966][581]Cmd: CAMERA SNAP
[2017.11.18-01.01.08:966][581]Snapped camera to the first selected object.
[2017.11.18-01.01.16:211][149]Cmd: OBJ SAVEPACKAGE PACKAGE="/Game/Maps/maps" FILE="../../../../../../Users/s179141/Documents/Unreal Projects/Experimenting/Content/Maps/maps.umap" SILENT=true AUTOSAVING=false KEEPDIRTY=false
[2017.11.18-01.01.16:279][149]LogSavePackage: Save=51.39ms
[2017.11.18-01.01.16:279][149]LogSavePackage: Moving '../../../../../../Users/s179141/Documents/Unreal Projects/Experimenting/Saved/mapsA3F2A0DB41F471594BF0AB8FC0017347.tmp' to '../../../../../../Users/s179141/Documents/Unreal Projects/Experimenting/Content/Maps/maps.umap'
[2017.11.18-01.01.16:301][149]LogSavePackage: Display: Finished SavePackage ../../../../../../Users/s179141/Documents/Unreal Projects/Experimenting/Content/Maps/maps.umap
[2017.11.18-01.03.11:951][200]LogEditorViewport: Clicking on Actor (LMB): StaticMeshActor (obj_wall3)
[2017.11.18-01.03.25:711][ 93]LogEditorViewport: Clicking on Actor (LMB): BP_Sky_Sphere_C (Sky Sphere)
[2017.11.18-01.03.29:720][388]Cmd: TRANSACTION UNDO
[2017.11.18-01.03.29:720][388]LogEditorTransaction: Undo Clicking on Actors
[2017.11.18-01.03.31:445][439]LogEditorViewport: Clicking on Actor (context menu): StaticMeshActor (obj_wall3)
[2017.11.18-01.03.31:650][445]Cmd: TRANSACTION UNDO
[2017.11.18-01.03.31:650][445]LogEditorTransaction: Undo Clicking on Actors (context menu)
[2017.11.18-01.03.32:879][479]LogEditorViewport: Clicking on Actor (LMB): StaticMeshActor (obj_floor)
[2017.11.18-01.03.35:336][570]LogEditorViewport: Clicking on Actor (LMB): StaticMeshActor (Floor)
[2017.11.18-01.03.36:708][652]LogEditorViewport: Clicking on Actor (LMB): StaticMeshActor (obj_wall3)
[2017.11.18-01.03.43:813][  3]LogEditorViewport: Clicking on Actor (LMB): BP_Sky_Sphere_C (Sky Sphere)
[2017.11.18-01.03.48:218][312]LogEditorViewport: Clicking on Actor (LMB): StaticMeshActor (obj_wall3)
[2017.11.18-01.03.54:137][607]LogEditorViewport: Clicking on Actor (LMB): BP_Sky_Sphere_C (Sky Sphere)
[2017.11.18-01.04.04:261][354]LogEditorViewport: Clicking on Actor (LMB): StaticMeshActor (obj_wall3)
[2017.11.18-01.04.16:784][101]LogEditorViewport: Clicking on Actor (LMB): BP_Sky_Sphere_C (Sky Sphere)
[2017.11.18-01.04.21:453][451]LogSlate: Took 0.000301 seconds to synchronously load lazily loaded font '../../../Engine/Content/Editor/Slate/Fonts/Roboto-Italic.ttf' (157K)
[2017.11.18-01.04.22:331][506]LogEditorViewport: Clicking on Actor (LMB): StaticMeshActor (obj_wall3)
[2017.11.18-01.04.28:091][848]LogEditorViewport: Clicking on Actor (LMB): BP_Sky_Sphere_C (Sky Sphere)
[2017.11.18-01.04.30:811][ 51]LogEditorViewport: Clicking on Actor (LMB): StaticMeshActor (obj_wall4)
[2017.11.18-01.04.31:141][ 70]LogEditorViewport: Clicking on Actor (LMB): StaticMeshActor (obj_wall3)
[2017.11.18-01.04.36:901][406]LogEditorViewport: Clicking on Actor (LMB): BP_Sky_Sphere_C (Sky Sphere)
[2017.11.18-01.04.44:731][748]LogTemp: Repeating last play command: Selected Viewport
[2017.11.18-01.04.44:767][748]LogPlayLevel: PlayLevel: No blueprints needed recompiling
[2017.11.18-01.04.44:768][748]PIE: New page: PIE session: maps (Nov 17, 2017, 9:04:44 AM)
[2017.11.18-01.04.44:768][748]LogPlayLevel: Creating play world package: /Game/Maps/UEDPIE_0_maps
[2017.11.18-01.04.44:782][748]LogPlayLevel: PIE: StaticDuplicateObject took: (0.014117s)
[2017.11.18-01.04.44:783][748]LogAIModule: Creating AISystem for world maps
[2017.11.18-01.04.44:784][748]LogPlayLevel: PIE: World Init took: (0.001392s)
[2017.11.18-01.04.44:784][748]LogPlayLevel: PIE: Created PIE world by copying editor world from /Game/Maps/maps.maps to /Game/Maps/UEDPIE_0_maps.maps (0.016019s)
[2017.11.18-01.04.44:820][748]LogInit: XAudio2 using 'Headphones (High Definition Audio Device)' : 2 channels at 44.1 kHz using 16 bits per sample (channel mask 0x3)
[2017.11.18-01.04.44:836][748]LogInit: FAudioDevice initialized.
[2017.11.18-01.04.44:871][748]LogLoad: Game class is 'ThirdPersonGameMode_C'
[2017.11.18-01.04.44:873][748]LogWorld: Bringing World /Game/Maps/UEDPIE_0_maps.maps up for play (max tick rate 0) at 2017.11.17-17.04.44
[2017.11.18-01.04.44:874][748]LogWorld: Bringing up level for play took: 0.002082
[2017.11.18-01.04.44:878][748]PIE: Play in editor start time for /Game/Maps/UEDPIE_0_maps 0.556
[2017.11.18-01.05.23:348][205]Cmd: OBJ SAVEPACKAGE PACKAGE="/Game/Maps/maps" FILE="../../../../../../Users/s179141/Documents/Unreal Projects/Experimenting/Content/Maps/maps.umap" SILENT=true AUTOSAVING=false KEEPDIRTY=false
[2017.11.18-01.05.23:420][205]LogSavePackage: Save=52.02ms
[2017.11.18-01.05.23:420][205]LogSavePackage: Moving '../../../../../../Users/s179141/Documents/Unreal Projects/Experimenting/Saved/maps11FA8EB845B25DC540618BA92700618F.tmp' to '../../../../../../Users/s179141/Documents/Unreal Projects/Experimenting/Content/Maps/maps.umap'
[2017.11.18-01.05.23:424][205]LogSavePackage: Display: Finished SavePackage ../../../../../../Users/s179141/Documents/Unreal Projects/Experimenting/Content/Maps/maps.umap
[2017.11.18-01.11.56:321][184]LogTemp: Repeating last play command: Selected Viewport
[2017.11.18-01.11.56:350][184]LogPlayLevel: PlayLevel: No blueprints needed recompiling
[2017.11.18-01.11.56:350][184]PIE: New page: PIE session: maps (Nov 17, 2017, 9:11:56 AM)
[2017.11.18-01.11.56:350][184]LogPlayLevel: Creating play world package: /Game/Maps/UEDPIE_0_maps
[2017.11.18-01.11.56:357][184]LogPlayLevel: PIE: StaticDuplicateObject took: (0.006723s)
[2017.11.18-01.11.56:358][184]LogAIModule: Creating AISystem for world maps
[2017.11.18-01.11.56:358][184]LogPlayLevel: PIE: World Init took: (0.000895s)
[2017.11.18-01.11.56:358][184]LogPlayLevel: PIE: Created PIE world by copying editor world from /Game/Maps/maps.maps to /Game/Maps/UEDPIE_0_maps.maps (0.007929s)
[2017.11.18-01.11.56:379][184]LogInit: XAudio2 using 'Headphones (High Definition Audio Device)' : 2 channels at 44.1 kHz using 16 bits per sample (channel mask 0x3)
[2017.11.18-01.11.56:388][184]LogInit: FAudioDevice initialized.
[2017.11.18-01.11.56:420][184]LogLoad: Game class is 'ThirdPersonGameMode_C'
[2017.11.18-01.11.56:422][184]LogWorld: Bringing World /Game/Maps/UEDPIE_0_maps.maps up for play (max tick rate 0) at 2017.11.17-17.11.56
[2017.11.18-01.11.56:422][184]LogWorld: Bringing up level for play took: 0.001576
[2017.11.18-01.11.56:425][184]PIE: Play in editor start time for /Game/Maps/UEDPIE_0_maps 0.125
[2017.11.18-01.12.11:267][807]Cmd: OBJ SAVEPACKAGE PACKAGE="/Game/Maps/maps" FILE="../../../../../../Users/s179141/Documents/Unreal Projects/Experimenting/Content/Maps/maps.umap" SILENT=true AUTOSAVING=false KEEPDIRTY=false
[2017.11.18-01.12.11:347][807]LogSavePackage: Save=58.17ms
[2017.11.18-01.12.11:347][807]LogSavePackage: Moving '../../../../../../Users/s179141/Documents/Unreal Projects/Experimenting/Saved/mapsAA060258477AA947A34731848E22055E.tmp' to '../../../../../../Users/s179141/Documents/Unreal Projects/Experimenting/Content/Maps/maps.umap'
[2017.11.18-01.12.11:351][807]LogSavePackage: Display: Finished SavePackage ../../../../../../Users/s179141/Documents/Unreal Projects/Experimenting/Content/Maps/maps.umap
[2017.11.18-01.12.36:455][136]LogEditorViewport: Clicking on Actor (context menu): StaticMeshActor (obj_wall2)
[2017.11.18-01.12.43:607][654]LogTemp: Repeating last play command: Selected Viewport
[2017.11.18-01.12.43:627][654]LogPlayLevel: PlayLevel: No blueprints needed recompiling
[2017.11.18-01.12.43:627][654]PIE: New page: PIE session: maps (Nov 17, 2017, 9:12:43 AM)
[2017.11.18-01.12.43:627][654]LogPlayLevel: Creating play world package: /Game/Maps/UEDPIE_0_maps
[2017.11.18-01.12.43:633][654]LogPlayLevel: PIE: StaticDuplicateObject took: (0.006528s)
[2017.11.18-01.12.43:634][654]LogAIModule: Creating AISystem for world maps
[2017.11.18-01.12.43:634][654]LogPlayLevel: PIE: World Init took: (0.000806s)
[2017.11.18-01.12.43:634][654]LogPlayLevel: PIE: Created PIE world by copying editor world from /Game/Maps/maps.maps to /Game/Maps/UEDPIE_0_maps.maps (0.007636s)
[2017.11.18-01.12.43:655][654]LogInit: XAudio2 using 'Headphones (High Definition Audio Device)' : 2 channels at 44.1 kHz using 16 bits per sample (channel mask 0x3)
[2017.11.18-01.12.43:662][654]LogInit: FAudioDevice initialized.
[2017.11.18-01.12.43:692][654]LogLoad: Game class is 'ThirdPersonGameMode_C'
[2017.11.18-01.12.43:694][654]LogWorld: Bringing World /Game/Maps/UEDPIE_0_maps.maps up for play (max tick rate 0) at 2017.11.17-17.12.43
[2017.11.18-01.12.43:694][654]LogWorld: Bringing up level for play took: 0.001326
[2017.11.18-01.12.43:697][654]PIE: Play in editor start time for /Game/Maps/UEDPIE_0_maps -0.601
[2017.11.18-01.22.17:369][576]Cmd: OBJ SAVEPACKAGE PACKAGE="/Game/Maps/maps" FILE="../../../../../../Users/s179141/Documents/Unreal Projects/Experimenting/Content/Maps/maps.umap" SILENT=true AUTOSAVING=false KEEPDIRTY=false
[2017.11.18-01.22.17:431][576]LogSavePackage: Save=43.68ms
[2017.11.18-01.22.17:431][576]LogSavePackage: Moving '../../../../../../Users/s179141/Documents/Unreal Projects/Experimenting/Saved/maps8F3EBBDE41F0C44DB980298779BFC33A.tmp' to '../../../../../../Users/s179141/Documents/Unreal Projects/Experimenting/Content/Maps/maps.umap'
[2017.11.18-01.22.17:433][576]LogSavePackage: Display: Finished SavePackage ../../../../../../Users/s179141/Documents/Unreal Projects/Experimenting/Content/Maps/maps.umap
[2017.11.18-01.22.19:191][674]Cmd: QUIT_EDITOR
[2017.11.18-01.22.19:216][674]LogExit: Preparing to exit.
[2017.11.18-01.22.19:462][674]LogDirectoryWatcher: A directory notification for 'C:/Users/s179141/Documents/Unreal Projects/Experimenting/Content/' was aborted.
[2017.11.18-01.22.19:480][674]LogExit: Editor shut down
[2017.11.18-01.22.19:485][674]LogExit: Transaction tracking system shut down
[2017.11.18-01.22.19:684][674]LogDirectoryWatcher: A directory notification for '../../../Engine/Content/' was aborted.
[2017.11.18-01.22.19:684][674]LogDirectoryWatcher: A directory notification for '../../../../../../Users/s179141/Documents/Unreal Projects/Experimenting/Content/' was aborted.
[2017.11.18-01.22.19:684][674]LogDirectoryWatcher: A directory notification for '../../../Engine/Plugins/2D/Paper2D/Content/' was aborted.
[2017.11.18-01.22.19:684][674]LogDirectoryWatcher: A directory notification for '../../../Engine/Plugins/Media/MediaCompositing/Content/' was aborted.
[2017.11.18-01.22.19:684][674]LogDirectoryWatcher: A directory notification for '../../../Engine/Plugins/Runtime/AppleARKit/Content/' was aborted.
[2017.11.18-01.22.19:684][674]LogDirectoryWatcher: A directory notification for '../../../Engine/Plugins/Runtime/Oculus/OculusVR/Content/' was aborted.
[2017.11.18-01.22.19:684][674]LogDirectoryWatcher: A directory notification for '../../../Engine/Plugins/Runtime/Steam/SteamVR/Content/' was aborted.
[2017.11.18-01.22.19:729][674]LogExit: Object subsystem successfully closed.
[2017.11.18-01.22.19:740][674]LogD3D11RHI: Shutdown
[2017.11.18-01.22.19:740][674]LogD3D11RHI: CleanupD3DDevice
[2017.11.18-01.22.19:743][674]LogD3D11RHI: ~FD3D11DynamicRHI
[2017.11.18-01.22.19:763][674]LogModuleManager: Shutting down and abandoning module MovieSceneCapture (552)
[2017.11.18-01.22.19:763][674]LogModuleManager: Shutting down and abandoning module StaticMeshEditor (550)
[2017.11.18-01.22.19:763][674]LogModuleManager: Shutting down and abandoning module HierarchicalLODOutliner (548)
[2017.11.18-01.22.19:763][674]LogModuleManager: Shutting down and abandoning module SceneOutliner (546)
[2017.11.18-01.22.19:763][674]LogModuleManager: Shutting down and abandoning module AddContentDialog (544)
[2017.11.18-01.22.19:763][674]LogDirectoryWatcher: A directory notification for 'C:/Program Files/Epic Games/UE_4.18/FeaturePacks/' was aborted.
[2017.11.18-01.22.19:764][674]LogModuleManager: Shutting down and abandoning module WidgetCarousel (543)
[2017.11.18-01.22.19:764][674]LogModuleManager: Shutting down and abandoning module EditorWidgets (540)
[2017.11.18-01.22.19:764][674]LogModuleManager: Shutting down and abandoning module CollectionManager (538)
[2017.11.18-01.22.19:765][674]LogDirectoryWatcher: A directory notification for 'C:/Users/s179141/Documents/Unreal Projects/Experimenting/Content/Collections/' was aborted.
[2017.11.18-01.22.19:765][674]LogDirectoryWatcher: A directory notification for 'C:/Users/s179141/Documents/Unreal Projects/Experimenting/Content/Developers/s179141/Collections/' was aborted.
[2017.11.18-01.22.19:765][674]LogDirectoryWatcher: A directory notification for 'C:/Users/s179141/Documents/Unreal Projects/Experimenting/Saved/Collections/' was aborted.
[2017.11.18-01.22.19:765][674]LogModuleManager: Shutting down and abandoning module StatsViewer (536)
[2017.11.18-01.22.19:765][674]LogModuleManager: Shutting down and abandoning module FoliageEdit (534)
[2017.11.18-01.22.19:765][674]LogModuleManager: Shutting down and abandoning module LandscapeEditor (532)
[2017.11.18-01.22.19:765][674]LogModuleManager: Shutting down and abandoning module MeshPaintMode (530)
[2017.11.18-01.22.19:765][674]LogModuleManager: Shutting down and abandoning module SceneDepthPickerMode (528)
[2017.11.18-01.22.19:765][674]LogModuleManager: Shutting down and abandoning module ActorPickerMode (526)
[2017.11.18-01.22.19:765][674]LogModuleManager: Shutting down and abandoning module GeometryMode (524)
[2017.11.18-01.22.19:765][674]LogModuleManager: Shutting down and abandoning module TextureAlignMode (522)
[2017.11.18-01.22.19:765][674]LogModuleManager: Shutting down and abandoning module BspMode (520)
[2017.11.18-01.22.19:765][674]LogModuleManager: Shutting down and abandoning module PIEPreviewDeviceProfileSelector (518)
[2017.11.18-01.22.19:765][674]LogModuleManager: Shutting down and abandoning module HardwareSurvey (516)
[2017.11.18-01.22.19:765][674]LogModuleManager: Shutting down and abandoning module SequenceRecorderSections (514)
[2017.11.18-01.22.19:765][674]LogModuleManager: Shutting down and abandoning module AutomationWorker (512)
[2017.11.18-01.22.19:765][674]LogModuleManager: Shutting down and abandoning module MatineeToLevelSequence (510)
[2017.11.18-01.22.19:765][674]LogModuleManager: Shutting down and abandoning module LevelSequenceEditor (508)
[2017.11.18-01.22.19:765][674]LogModuleManager: Shutting down and abandoning module PlacementMode (507)
[2017.11.18-01.22.19:765][674]LogModuleManager: Shutting down and abandoning module WmfMediaFactory (504)
[2017.11.18-01.22.19:765][674]LogModuleManager: Shutting down and abandoning module WmfMediaEditor (502)
[2017.11.18-01.22.19:765][674]LogModuleManager: Shutting down and abandoning module OpenExrWrapper (500)
[2017.11.18-01.22.19:765][674]LogModuleManager: Shutting down and abandoning module ImgMediaFactory (498)
[2017.11.18-01.22.19:765][674]LogModuleManager: Shutting down and abandoning module ImgMediaEditor (496)
[2017.11.18-01.22.19:765][674]LogModuleManager: Shutting down and abandoning module AvfMediaFactory (494)
[2017.11.18-01.22.19:765][674]LogModuleManager: Shutting down and abandoning module AvfMediaEditor (492)
[2017.11.18-01.22.19:765][674]LogModuleManager: Shutting down and abandoning module AndroidMediaFactory (490)
[2017.11.18-01.22.19:766][674]LogModuleManager: Shutting down and abandoning module AndroidMediaEditor (488)
[2017.11.18-01.22.19:766][674]LogModuleManager: Shutting down and abandoning module CharacterAI (486)
[2017.11.18-01.22.19:766][674]LogModuleManager: Shutting down and abandoning module AudioCapture (484)
[2017.11.18-01.22.19:766][674]LogModuleManager: Shutting down and abandoning module SequenceRecorder (483)
[2017.11.18-01.22.19:766][674]LogModuleManager: Shutting down and abandoning module SmartSnapping (480)
[2017.11.18-01.22.19:766][674]LogModuleManager: Shutting down and abandoning module SessionServices (478)
[2017.11.18-01.22.19:766][674]LogModuleManager: Shutting down and abandoning module ViewportSnapping (476)
[2017.11.18-01.22.19:766][674]LogModuleManager: Shutting down and abandoning module ViewportInteraction (474)
[2017.11.18-01.22.19:766][674]LogModuleManager: Shutting down and abandoning module ClothPainter (472)
[2017.11.18-01.22.19:766][674]LogModuleManager: Shutting down and abandoning module SkeletalMeshEditor (471)
[2017.11.18-01.22.19:766][674]LogModuleManager: Shutting down and abandoning module LogVisualizer (468)
[2017.11.18-01.22.19:766][674]LogModuleManager: Shutting down and abandoning module IntroTutorials (466)
[2017.11.18-01.22.19:766][674]LogModuleManager: Shutting down and abandoning module GameProjectGeneration (465)
[2017.11.18-01.22.19:766][674]LogModuleManager: Shutting down and abandoning module IOSPlatformEditor (462)
[2017.11.18-01.22.19:766][674]LogModuleManager: Shutting down and abandoning module HTML5PlatformEditor (460)
[2017.11.18-01.22.19:766][674]LogModuleManager: Shutting down and abandoning module AndroidPlatformEditor (458)
[2017.11.18-01.22.19:766][674]LogModuleManager: Shutting down and abandoning module AndroidDeviceDetection (457)
[2017.11.18-01.22.20:092][674]LogModuleManager: Shutting down and abandoning module WindowsPlatformEditor (454)
[2017.11.18-01.22.20:092][674]LogModuleManager: Shutting down and abandoning module IOSRuntimeSettings (452)
[2017.11.18-01.22.20:092][674]LogModuleManager: Shutting down and abandoning module AndroidRuntimeSettings (450)
[2017.11.18-01.22.20:092][674]LogModuleManager: Shutting down and abandoning module InputBindingEditor (448)
[2017.11.18-01.22.20:092][674]LogModuleManager: Shutting down and abandoning module MergeActors (446)
[2017.11.18-01.22.20:092][674]LogModuleManager: Shutting down and abandoning module SizeMap (444)
[2017.11.18-01.22.20:092][674]LogModuleManager: Shutting down and abandoning module TreeMap (442)
[2017.11.18-01.22.20:092][674]LogModuleManager: Shutting down and abandoning module ReferenceViewer (440)
[2017.11.18-01.22.20:092][674]LogModuleManager: Shutting down and abandoning module LocalizationDashboard (438)
[2017.11.18-01.22.20:092][674]LogModuleManager: Shutting down and abandoning module LocalizationService (437)
[2017.11.18-01.22.20:092][674]LogModuleManager: Shutting down and abandoning module HardwareTargeting (434)
[2017.11.18-01.22.20:092][674]LogModuleManager: Shutting down and abandoning module DeviceProfileEditor (432)
[2017.11.18-01.22.20:092][674]LogModuleManager: Shutting down and abandoning module UndoHistory (430)
[2017.11.18-01.22.20:092][674]LogModuleManager: Shutting down and abandoning module XmlParser (428)
[2017.11.18-01.22.20:092][674]LogModuleManager: Shutting down and abandoning module Blutility (426)
[2017.11.18-01.22.20:092][674]LogModuleManager: Shutting down and abandoning module ProjectSettingsViewer (424)
[2017.11.18-01.22.20:093][674]LogModuleManager: Shutting down and abandoning module ProjectTargetPlatformEditor (423)
[2017.11.18-01.22.20:093][674]LogModuleManager: Shutting down and abandoning module EditorSettingsViewer (420)
[2017.11.18-01.22.20:093][674]LogModuleManager: Shutting down and abandoning module SettingsEditor (418)
[2017.11.18-01.22.20:093][674]LogModuleManager: Shutting down and abandoning module ProjectLauncher (416)
[2017.11.18-01.22.20:093][674]LogModuleManager: Shutting down and abandoning module SessionFrontend (414)
[2017.11.18-01.22.20:093][674]LogModuleManager: Shutting down and abandoning module ProfilerClient (412)
[2017.11.18-01.22.20:093][674]LogModuleManager: Shutting down and abandoning module DeviceManager (410)
[2017.11.18-01.22.20:093][674]LogModuleManager: Shutting down and abandoning module TargetDeviceServices (409)
[2017.11.18-01.22.20:143][674]LogModuleManager: Shutting down and abandoning module AutomationController (406)
[2017.11.18-01.22.20:143][674]LogModuleManager: Shutting down and abandoning module AutomationWindow (404)
[2017.11.18-01.22.20:143][674]LogModuleManager: Shutting down and abandoning module Layers (402)
[2017.11.18-01.22.20:143][674]LogModuleManager: Shutting down and abandoning module ComponentVisualizers (400)
[2017.11.18-01.22.20:143][674]LogModuleManager: Shutting down and abandoning module DetailCustomizations (398)
[2017.11.18-01.22.20:143][674]LogModuleManager: Shutting down and abandoning module PackagesDialog (396)
[2017.11.18-01.22.20:143][674]LogModuleManager: Shutting down and abandoning module Persona (394)
[2017.11.18-01.22.20:143][674]LogModuleManager: Shutting down and abandoning module AdvancedPreviewScene (393)
[2017.11.18-01.22.20:143][674]LogModuleManager: Shutting down and abandoning module AnimGraph (391)
[2017.11.18-01.22.20:143][674]LogModuleManager: Shutting down and abandoning module Kismet (388)
[2017.11.18-01.22.20:144][674]LogModuleManager: Shutting down and abandoning module ClassViewer (386)
[2017.11.18-01.22.20:144][674]LogModuleManager: Shutting down and abandoning module Toolbox (384)
[2017.11.18-01.22.20:144][674]LogModuleManager: Shutting down and abandoning module ModuleUI (382)
[2017.11.18-01.22.20:144][674]LogModuleManager: Shutting down and abandoning module MovieSceneTools (380)
[2017.11.18-01.22.20:144][674]LogModuleManager: Shutting down and abandoning module OutputLog (378)
[2017.11.18-01.22.20:144][674]LogModuleManager: Shutting down and abandoning module GammaUI (376)
[2017.11.18-01.22.20:144][674]LogModuleManager: Shutting down and abandoning module Documentation (374)
[2017.11.18-01.22.20:144][674]LogModuleManager: Shutting down and abandoning module MovieSceneTracks (372)
[2017.11.18-01.22.20:144][674]LogModuleManager: Shutting down and abandoning module MovieScene (370)
[2017.11.18-01.22.20:144][674]LogModuleManager: Shutting down and abandoning module StreamingPauseRendering (368)
[2017.11.18-01.22.20:144][674]LogModuleManager: Shutting down and abandoning module LauncherPlatform (366)
[2017.11.18-01.22.20:144][674]LogModuleManager: Shutting down and abandoning module AnalyticsET (364)
[2017.11.18-01.22.20:144][674]LogModuleManager: Shutting down and abandoning module PortalServices (362)
[2017.11.18-01.22.20:144][674]LogModuleManager: Shutting down and abandoning module PortalRpc (360)
[2017.11.18-01.22.20:144][674]LogModuleManager: Shutting down and abandoning module MessagingRpc (358)
[2017.11.18-01.22.20:144][674]LogModuleManager: Shutting down and abandoning module AIModule (356)
[2017.11.18-01.22.20:144][674]LogModuleManager: Shutting down and abandoning module GameplayDebugger (355)
[2017.11.18-01.22.20:144][674]LogModuleManager: Shutting down and abandoning module AITestSuite (353)
[2017.11.18-01.22.20:144][674]LogModuleManager: Shutting down and abandoning module DesktopPlatform (350)
[2017.11.18-01.22.20:144][674]LogModuleManager: Shutting down and abandoning module ProfilerService (348)
[2017.11.18-01.22.20:199][674]LogModuleManager: Shutting down and abandoning module TaskGraph (346)
[2017.11.18-01.22.20:199][674]LogModuleManager: Shutting down and abandoning module SteamVRController (344)
[2017.11.18-01.22.20:199][674]LogModuleManager: Shutting down and abandoning module ProceduralMeshComponentEditor (342)
[2017.11.18-01.22.20:199][674]LogModuleManager: Shutting down and abandoning module ProceduralMeshComponent (340)
[2017.11.18-01.22.20:199][674]LogModuleManager: Shutting down and abandoning module OculusInput (338)
[2017.11.18-01.22.20:199][674]LogModuleManager: Shutting down and abandoning module MobilePatchingUtils (336)
[2017.11.18-01.22.20:199][674]LogModuleManager: Shutting down and abandoning module CustomMeshComponent (334)
[2017.11.18-01.22.20:199][674]LogModuleManager: Shutting down and abandoning module CableComponent (332)
[2017.11.18-01.22.20:199][674]LogModuleManager: Shutting down and abandoning module ArchVisCharacter (330)
[2017.11.18-01.22.20:199][674]LogModuleManager: Shutting down and abandoning module AndroidPermission (328)
[2017.11.18-01.22.20:199][674]LogModuleManager: Shutting down and abandoning module ActorSequence (324)
[2017.11.18-01.22.20:199][674]LogModuleManager: Shutting down and abandoning module MediaPlayerEditor (322)
[2017.11.18-01.22.20:200][674]LogModuleManager: Shutting down and abandoning module MediaCompositingEditor (320)
[2017.11.18-01.22.20:200][674]LogModuleManager: Shutting down and abandoning module MediaCompositing (318)
[2017.11.18-01.22.20:200][674]LogModuleManager: Shutting down and abandoning module HTML5Networking (316)
[2017.11.18-01.22.20:200][674]LogModuleManager: Shutting down and abandoning module AlembicImporter (314)
[2017.11.18-01.22.20:200][674]LogModuleManager: Shutting down and abandoning module AlembicLibrary (313)
[2017.11.18-01.22.20:200][674]LogModuleManager: Shutting down and abandoning module GeometryCache (312)
[2017.11.18-01.22.20:200][674]LogModuleManager: Shutting down and abandoning module GeometryCacheEd (311)
[2017.11.18-01.22.20:200][674]LogModuleManager: Shutting down and abandoning module SpeedTreeImporter (306)
[2017.11.18-01.22.20:200][674]LogModuleManager: Shutting down and abandoning module PluginBrowser (304)
[2017.11.18-01.22.20:200][674]LogModuleManager: Shutting down and abandoning module MobileLauncherProfileWizard (302)
[2017.11.18-01.22.20:200][674]LogModuleManager: Shutting down and abandoning module VisualStudioSourceCodeAccess (300)
[2017.11.18-01.22.20:200][674]LogModuleManager: Shutting down and abandoning module VisualStudioCodeSourceCodeAccess (298)
[2017.11.18-01.22.20:200][674]LogModuleManager: Shutting down and abandoning module UObjectPlugin (296)
[2017.11.18-01.22.20:200][674]LogModuleManager: Shutting down and abandoning module SubversionSourceControl (294)
[2017.11.18-01.22.20:200][674]LogModuleManager: Shutting down and abandoning module PerforceSourceControl (292)
[2017.11.18-01.22.20:200][674]LogModuleManager: Shutting down and abandoning module GitSourceControl (290)
[2017.11.18-01.22.20:200][674]LogModuleManager: Shutting down and abandoning module SourceControl (289)
[2017.11.18-01.22.20:200][674]LogModuleManager: Shutting down and abandoning module LightPropagationVolumeEditor (286)
[2017.11.18-01.22.20:200][674]LogModuleManager: Shutting down and abandoning module PaperTiledImporter (284)
[2017.11.18-01.22.20:200][674]LogModuleManager: Shutting down and abandoning module PaperSpriteSheetImporter (282)
[2017.11.18-01.22.20:200][674]LogModuleManager: Shutting down and abandoning module Paper2DEditor (280)
[2017.11.18-01.22.20:200][674]LogModuleManager: Shutting down and abandoning module MeshPaint (279)
[2017.11.18-01.22.20:200][674]LogModuleManager: Shutting down and abandoning module LevelEditor (277)
[2017.11.18-01.22.20:201][674]LogModuleManager: Shutting down and abandoning module PixelInspectorModule (276)
[2017.11.18-01.22.20:201][674]LogModuleManager: Shutting down and abandoning module MainFrame (274)
[2017.11.18-01.22.20:201][674]LogModuleManager: Shutting down and abandoning module HotReload (273)
[2017.11.18-01.22.20:202][674]LogModuleManager: Shutting down and abandoning module RuntimePhysXCooking (268)
[2017.11.18-01.22.20:202][674]LogModuleManager: Shutting down and abandoning module PhysXVehiclesEditor (266)
[2017.11.18-01.22.20:202][674]LogModuleManager: Shutting down and abandoning module PhysXVehicles (264)
[2017.11.18-01.22.20:202][674]LogModuleManager: Shutting down and abandoning module OculusEditor (262)
[2017.11.18-01.22.20:202][674]LogModuleManager: Shutting down and abandoning module LocationServicesBPLibrary (260)
[2017.11.18-01.22.20:202][674]LogModuleManager: Shutting down and abandoning module ImmediatePhysicsEditor (258)
[2017.11.18-01.22.20:202][674]LogModuleManager: Shutting down and abandoning module ImmediatePhysics (256)
[2017.11.18-01.22.20:202][674]LogModuleManager: Shutting down and abandoning module UdpMessaging (254)
[2017.11.18-01.22.20:302][674]LogModuleManager: Shutting down and abandoning module TcpMessaging (252)
[2017.11.18-01.22.20:402][674]LogModuleManager: Shutting down and abandoning module GameplayTagsEditor (250)
[2017.11.18-01.22.20:402][674]LogModuleManager: Shutting down and abandoning module FacialAnimationEditor (248)
[2017.11.18-01.22.20:402][674]LogModuleManager: Shutting down and abandoning module FacialAnimation (246)
[2017.11.18-01.22.20:402][674]LogModuleManager: Shutting down and abandoning module AssetManagerEditor (244)
[2017.11.18-01.22.20:402][674]LogModuleManager: Shutting down and abandoning module GraphEditor (243)
[2017.11.18-01.22.20:402][674]LogModuleManager: Shutting down and abandoning module ContentBrowser (241)
[2017.11.18-01.22.20:403][674]LogModuleManager: Shutting down and abandoning module LightPropagationVolumeRuntime (238)
[2017.11.18-01.22.20:403][674]LogModuleManager: Shutting down and abandoning module Paper2D (236)
[2017.11.18-01.22.20:403][674]LogModuleManager: Shutting down and abandoning module WindowsMoviePlayer (234)
[2017.11.18-01.22.20:403][674]LogModuleManager: Shutting down and abandoning module WmfMedia (232)
[2017.11.18-01.22.20:404][674]LogModuleManager: Shutting down and abandoning module ImgMedia (230)
[2017.11.18-01.22.20:404][674]LogModuleManager: Shutting down and abandoning module PacketHandler (228)
[2017.11.18-01.22.20:404][674]LogModuleManager: Shutting down and abandoning module ClothingSystemEditor (226)
[2017.11.18-01.22.20:404][674]LogModuleManager: Shutting down and abandoning module ClothingSystemRuntime (224)
[2017.11.18-01.22.20:404][674]LogModuleManager: Shutting down and abandoning module MediaAssets (222)
[2017.11.18-01.22.20:404][674]LogModuleManager: Shutting down and abandoning module Media (221)
[2017.11.18-01.22.20:409][674]LogModuleManager: Shutting down and abandoning module Overlay (218)
[2017.11.18-01.22.20:409][674]LogModuleManager: Shutting down and abandoning module OverlayEditor (217)
[2017.11.18-01.22.20:409][674]LogModuleManager: Shutting down and abandoning module VREditor (214)
[2017.11.18-01.22.20:409][674]LogModuleManager: Shutting down and abandoning module StringTableEditor (212)
[2017.11.18-01.22.20:409][674]LogModuleManager: Shutting down and abandoning module GameplayTasksEditor (210)
[2017.11.18-01.22.20:409][674]LogModuleManager: Shutting down and abandoning module BehaviorTreeEditor (208)
[2017.11.18-01.22.20:409][674]LogModuleManager: Shutting down and abandoning module FunctionalTesting (206)
[2017.11.18-01.22.20:409][674]LogModuleManager: Shutting down and abandoning module CollisionAnalyzer (204)
[2017.11.18-01.22.20:409][674]LogModuleManager: Shutting down and abandoning module WorkspaceMenuStructure (203)
[2017.11.18-01.22.20:409][674]LogModuleManager: Shutting down and abandoning module UMG (200)
[2017.11.18-01.22.20:409][674]LogModuleManager: Shutting down and abandoning module UMGEditor (199)
[2017.11.18-01.22.20:409][674]LogModuleManager: Shutting down and abandoning module Sequencer (198)
[2017.11.18-01.22.20:409][674]LogModuleManager: Shutting down and abandoning module MessageLog (195)
[2017.11.18-01.22.20:410][674]LogModuleManager: Shutting down and abandoning module SlateReflector (190)
[2017.11.18-01.22.20:410][674]LogModuleManager: Shutting down and abandoning module Slate (188)
[2017.11.18-01.22.20:410][674]LogModuleManager: Shutting down and abandoning module EditorStyle (186)
[2017.11.18-01.22.20:412][674]LogModuleManager: Shutting down and abandoning module MRMesh (184)
[2017.11.18-01.22.20:412][674]LogModuleManager: Shutting down and abandoning module SourceCodeAccess (182)
[2017.11.18-01.22.20:412][674]LogModuleManager: Shutting down and abandoning module HeadMountedDisplay (180)
[2017.11.18-01.22.20:412][674]LogModuleManager: Shutting down and abandoning module XAudio2 (178)
[2017.11.18-01.22.20:412][674]LogModuleManager: Shutting down and abandoning module Networking (176)
[2017.11.18-01.22.20:412][674]LogModuleManager: Shutting down and abandoning module Core (172)
[2017.11.18-01.22.20:412][674]LogModuleManager: Shutting down and abandoning module LevelSequence (168)
[2017.11.18-01.22.20:412][674]LogModuleManager: Shutting down and abandoning module DirectoryWatcher (166)
[2017.11.18-01.22.20:413][674]LogModuleManager: Shutting down and abandoning module KismetCompiler (164)
[2017.11.18-01.22.20:413][674]LogModuleManager: Shutting down and abandoning module MeshUtilities (162)
[2017.11.18-01.22.20:413][674]LogModuleManager: Shutting down and abandoning module MeshMergeUtilities (161)
[2017.11.18-01.22.20:413][674]LogModuleManager: Shutting down and abandoning module MeshReductionInterface (160)
[2017.11.18-01.22.20:413][674]LogModuleManager: Shutting down and abandoning module SimplygonSwarm (159)
[2017.11.18-01.22.20:413][674]LogModuleManager: Shutting down and abandoning module SimplygonMeshReduction (157)
[2017.11.18-01.22.20:413][674]LogModuleManager: Shutting down and abandoning module QuadricMeshReduction (155)
[2017.11.18-01.22.20:413][674]LogModuleManager: Shutting down and abandoning module MaterialBaking (151)
[2017.11.18-01.22.20:413][674]LogModuleManager: Shutting down and abandoning module DerivedDataCache (148)
[2017.11.18-01.22.20:449][674]LogDerivedDataCache: Shutdown
[2017.11.18-01.22.20:449][674]LogModuleManager: Shutting down and abandoning module TargetPlatform (146)
[2017.11.18-01.22.20:449][674]LogModuleManager: Shutting down and abandoning module VulkanShaderFormat (145)
[2017.11.18-01.22.20:449][674]LogModuleManager: Shutting down and abandoning module ShaderFormatVectorVM (143)
[2017.11.18-01.22.20:449][674]LogModuleManager: Shutting down and abandoning module ShaderFormatOpenGL (141)
[2017.11.18-01.22.20:449][674]LogModuleManager: Shutting down and abandoning module ShaderFormatD3D (139)
[2017.11.18-01.22.20:449][674]LogModuleManager: Shutting down and abandoning module MetalShaderFormat (137)
[2017.11.18-01.22.20:449][674]LogModuleManager: Shutting down and abandoning module TextureFormatUncompressed (135)
[2017.11.18-01.22.20:449][674]LogModuleManager: Shutting down and abandoning module TextureFormatPVR (133)
[2017.11.18-01.22.20:449][674]LogModuleManager: Shutting down and abandoning module TextureFormatDXT (131)
[2017.11.18-01.22.20:449][674]LogModuleManager: Shutting down and abandoning module TextureFormatIntelISPCTexComp (129)
[2017.11.18-01.22.20:450][674]LogModuleManager: Shutting down and abandoning module TextureFormatASTC (127)
[2017.11.18-01.22.20:450][674]LogModuleManager: Shutting down and abandoning module ImageWrapper (126)
[2017.11.18-01.22.20:450][674]LogModuleManager: Shutting down and abandoning module TextureFormatAndroid (123)
[2017.11.18-01.22.20:450][674]LogModuleManager: Shutting down and abandoning module AudioFormatOpus (121)
[2017.11.18-01.22.20:450][674]LogModuleManager: Shutting down and abandoning module AudioFormatOgg (119)
[2017.11.18-01.22.20:450][674]LogModuleManager: Shutting down and abandoning module AudioFormatADPCM (117)
[2017.11.18-01.22.20:450][674]LogModuleManager: Shutting down and abandoning module LinuxTargetPlatform (115)
[2017.11.18-01.22.20:450][674]LogModuleManager: Shutting down and abandoning module LinuxServerTargetPlatform (113)
[2017.11.18-01.22.20:450][674]LogModuleManager: Shutting down and abandoning module LinuxNoEditorTargetPlatform (111)
[2017.11.18-01.22.20:450][674]LogModuleManager: Shutting down and abandoning module LinuxClientTargetPlatform (109)
[2017.11.18-01.22.20:450][674]LogModuleManager: Shutting down and abandoning module TVOSTargetPlatform (107)
[2017.11.18-01.22.20:450][674]LogModuleManager: Shutting down and abandoning module Messaging (105)
[2017.11.18-01.22.20:450][674]LogModuleManager: Shutting down and abandoning module IOSTargetPlatform (103)
[2017.11.18-01.22.20:450][674]LogModuleManager: Shutting down and abandoning module HTML5TargetPlatform (101)
[2017.11.18-01.22.20:450][674]LogModuleManager: Shutting down and abandoning module AndroidTargetPlatform (99)
[2017.11.18-01.22.20:450][674]LogModuleManager: Shutting down and abandoning module Android_PVRTCTargetPlatform (97)
[2017.11.18-01.22.20:450][674]LogModuleManager: Shutting down and abandoning module Android_MultiTargetPlatform (95)
[2017.11.18-01.22.20:450][674]LogModuleManager: Shutting down and abandoning module Android_ETC2TargetPlatform (93)
[2017.11.18-01.22.20:450][674]LogModuleManager: Shutting down and abandoning module Android_ETC1TargetPlatform (91)
[2017.11.18-01.22.20:450][674]LogModuleManager: Shutting down and abandoning module Android_DXTTargetPlatform (89)
[2017.11.18-01.22.20:450][674]LogModuleManager: Shutting down and abandoning module Android_ATCTargetPlatform (87)
[2017.11.18-01.22.20:450][674]LogModuleManager: Shutting down and abandoning module Android_ASTCTargetPlatform (85)
[2017.11.18-01.22.20:450][674]LogModuleManager: Shutting down and abandoning module WindowsTargetPlatform (83)
[2017.11.18-01.22.20:450][674]LogModuleManager: Shutting down and abandoning module WindowsServerTargetPlatform (81)
[2017.11.18-01.22.20:450][674]LogModuleManager: Shutting down and abandoning module WindowsNoEditorTargetPlatform (79)
[2017.11.18-01.22.20:450][674]LogModuleManager: Shutting down and abandoning module WindowsClientTargetPlatform (77)
[2017.11.18-01.22.20:450][674]LogModuleManager: Shutting down and abandoning module MacTargetPlatform (75)
[2017.11.18-01.22.20:450][674]LogModuleManager: Shutting down and abandoning module MacServerTargetPlatform (73)
[2017.11.18-01.22.20:450][674]LogModuleManager: Shutting down and abandoning module MacNoEditorTargetPlatform (71)
[2017.11.18-01.22.20:450][674]LogModuleManager: Shutting down and abandoning module MacClientTargetPlatform (69)
[2017.11.18-01.22.20:450][674]LogModuleManager: Shutting down and abandoning module AllDesktopTargetPlatform (67)
[2017.11.18-01.22.20:450][674]LogModuleManager: Shutting down and abandoning module InputCore (64)
[2017.11.18-01.22.20:450][674]LogModuleManager: Shutting down and abandoning module Settings (62)
[2017.11.18-01.22.20:450][674]LogModuleManager: Shutting down and abandoning module PhysXCooking (60)
[2017.11.18-01.22.20:450][674]LogModuleManager: Shutting down and abandoning module SteamVR (58)
[2017.11.18-01.22.20:450][674]LogModuleManager: Shutting down and abandoning module OculusHMD (56)
[2017.11.18-01.22.20:450][674]LogModuleManager: Shutting down and abandoning module ExampleDeviceProfileSelector (54)
[2017.11.18-01.22.20:450][674]LogModuleManager: Shutting down and abandoning module AppleARKit (52)
[2017.11.18-01.22.20:450][674]LogModuleManager: Shutting down and abandoning module AugmentedReality (51)
[2017.11.18-01.22.20:450][674]LogModuleManager: Shutting down and abandoning module OnlineBlueprintSupport (48)
[2017.11.18-01.22.20:450][674]LogModuleManager: Shutting down and abandoning module OnlineSubsystem (44)
[2017.11.18-01.22.20:450][674]LogModuleManager: Shutting down and abandoning module XMPP (43)
[2017.11.18-01.22.20:450][674]LogModuleManager: Shutting down and abandoning module HTTP (41)
[2017.11.18-01.22.20:450][674]LogHttp: Display: Http module shutting down, but needs to wait on 1 outstanding Http requests:
[2017.11.18-01.22.20:450][674]LogHttp: Display: 	verb=[POST] url=[https://datarouter.ol.epicgames.com/datarouter/api/v1/public/data?SessionID=%7BE3CB01DA-473B-F51C-C538-53A3372D11DE%7D&AppID=UEEditor.Rocket.Release&AppVersion=4.18.1-3754814%2B%2B%2BUE4%2BRelease-4.18&UserID=409c7fd546ce860fe580f986eb90b1af%7C9a6d4304dafa40469a2753fb4c83121a%7C627d3a33-b16f-4218-bfda-60e5cc5d4fc5&AppEnvironment=datacollector-binary&UploadType=eteventstream] status=Processing
[2017.11.18-01.22.20:475][674]LogModuleManager: Shutting down and abandoning module SSL (40)
[2017.11.18-01.22.20:476][674]LogModuleManager: Shutting down and abandoning module AnimationModifiers (36)
[2017.11.18-01.22.20:476][674]LogModuleManager: Shutting down and abandoning module PropertyEditor (35)
[2017.11.18-01.22.20:476][674]LogModuleManager: Shutting down and abandoning module AudioEditor (32)
[2017.11.18-01.22.20:476][674]LogModuleManager: Shutting down and abandoning module TextureCompressor (30)
[2017.11.18-01.22.20:476][674]LogModuleManager: Shutting down and abandoning module ShaderCore (28)
[2017.11.18-01.22.20:476][674]LogModuleManager: Shutting down and abandoning module Landscape (26)
[2017.11.18-01.22.20:476][674]LogModuleManager: Shutting down and abandoning module SlateRHIRenderer (24)
[2017.11.18-01.22.20:478][674]LogModuleManager: Shutting down and abandoning module OpenGLDrv (22)
[2017.11.18-01.22.20:478][674]LogModuleManager: Shutting down and abandoning module D3D11RHI (20)
[2017.11.18-01.22.20:478][674]LogModuleManager: Shutting down and abandoning module AnimGraphRuntime (18)
[2017.11.18-01.22.20:478][674]LogModuleManager: Shutting down and abandoning module Renderer (16)
[2017.11.18-01.22.20:478][674]LogModuleManager: Shutting down and abandoning module Engine (14)
[2017.11.18-01.22.20:478][674]LogModuleManager: Shutting down and abandoning module CoreUObject (12)
[2017.11.18-01.22.20:478][674]LogModuleManager: Shutting down and abandoning module NetworkFile (10)
[2017.11.18-01.22.20:478][674]LogModuleManager: Shutting down and abandoning module CookedIterativeFile (8)
[2017.11.18-01.22.20:478][674]LogModuleManager: Shutting down and abandoning module StreamingFile (6)
[2017.11.18-01.22.20:478][674]LogModuleManager: Shutting down and abandoning module SandboxFile (4)
[2017.11.18-01.22.20:478][674]LogModuleManager: Shutting down and abandoning module PakFile (2)
[2017.11.18-01.22.20:480][674]LogExit: Exiting.
[2017.11.18-01.22.20:492][674]Log file closed, 11/17/17 17:22:20
